2021-01-25 10:41:01.136 [main] INFO  c.e.s.SpringboottestApplication | Starting SpringboottestApplication on yuli with PID 12984 (C:\Users\wulei\IdeaProjects\springBootTest\target\classes started by wulei in C:\Users\wulei\IdeaProjects\springBootTest)
2021-01-25 10:41:01.138 [main] INFO  c.e.s.SpringboottestApplication | No active profile set, falling back to default profiles: default
2021-01-25 10:41:01.332 [main] INFO  o.s.b.d.e.DevToolsPropertyDefaultsPostProcessor | Devtools property defaults active! Set 'spring.devtools.add-properties' to 'false' to disable
2021-01-25 10:41:01.332 [main] INFO  o.s.b.d.e.DevToolsPropertyDefaultsPostProcessor | For additional web related logging consider setting the 'logging.level.web' property to 'DEBUG'
2021-01-25 10:41:12.334 [main] INFO  o.s.d.r.c.RepositoryConfigurationDelegate | Multiple Spring Data modules found, entering strict repository configuration mode!
2021-01-25 10:41:12.362 [main] INFO  o.s.d.r.c.RepositoryConfigurationDelegate | Bootstrapping Spring Data repositories in DEFAULT mode.
2021-01-25 10:41:12.611 [main] INFO  o.s.d.r.c.RepositoryConfigurationDelegate | Finished Spring Data repository scanning in 145ms. Found 0 repository interfaces.
2021-01-25 10:41:14.737 [main] INFO  o.s.c.s.PostProcessorRegistrationDelegate$BeanPostProcessorChecker | Bean 'org.springframework.transaction.annotation.ProxyTransactionManagementConfiguration' of type [org.springframework.transaction.annotation.ProxyTransactionManagementConfiguration$$EnhancerBySpringCGLIB$$1] is not eligible for getting processed by all BeanPostProcessors (for example: not eligible for auto-proxying)
2021-01-25 10:41:16.460 [main] INFO  o.s.b.w.e.tomcat.TomcatWebServer | Tomcat initialized with port(s): 9090 (http)
2021-01-25 10:41:16.531 [main] INFO  o.a.coyote.http11.Http11NioProtocol | Initializing ProtocolHandler ["http-nio-9090"]
2021-01-25 10:41:16.570 [main] INFO  o.a.catalina.core.StandardService | Starting service [Tomcat]
2021-01-25 10:41:16.570 [main] INFO  o.a.catalina.core.StandardEngine | Starting Servlet engine: [Apache Tomcat/9.0.14]
2021-01-25 10:41:16.602 [main] INFO  o.a.c.core.AprLifecycleListener | The APR based Apache Tomcat Native library which allows optimal performance in production environments was not found on the java.library.path: [C:\Program Files\Java\jdk1.8.0_121\bin;C:\Windows\Sun\Java\bin;C:\Windows\system32;C:\Windows;C:\Program Files (x86)\NetSarang\Xftp 6\;C:\Program Files (x86)\NetSarang\Xshell 6\;C:\ProgramData\Oracle\Java\javapath;C:\Windows\system32;C:\Windows;C:\Windows\System32\Wbem;C:\Windows\System32\WindowsPowerShell\v1.0\;C:\Windows\System32\OpenSSH\;C:\Program Files\TortoiseSVN\bin;"C:\Program Files\Java\jdk1.8.0_121\bin;C:\Program Files\Java\jdk1.8.0_121\jre\bin";C:\Program Files\Git\cmd;D:\Program Files\apache-maven-3.3.9\bin;C:\Users\wulei\AppData\Local\Microsoft\WindowsApps;C:\Program Files\Git\bin;C:\Program Files\Git\mingw64\libexec\git-core;C:\Program Files\Git\mingw64\bin;C:\Users\wulei\AppData\Local\Programs\Microsoft VS Code\bin;D:\Program Files\gradle-4.9-rc-1\bin;;.]
2021-01-25 10:41:16.894 [main] INFO  o.a.c.c.C.[Tomcat].[localhost].[/] | Initializing Spring embedded WebApplicationContext
2021-01-25 10:41:16.894 [main] INFO  o.s.web.context.ContextLoader | Root WebApplicationContext: initialization completed in 15550 ms
2021-01-25 10:41:29.639 [main] INFO  o.s.s.c.ThreadPoolTaskExecutor | Initializing ExecutorService
2021-01-25 10:41:30.845 [main] INFO  o.s.b.a.e.w.ServletEndpointRegistrar | Registered '/actuator/jolokia' to jolokia-actuator-endpoint
2021-01-25 10:41:31.238 [main] WARN  o.s.b.w.s.c.AnnotationConfigServletWebServerApplicationContext | Exception encountered during context initialization - cancelling refresh attempt: org.springframework.beans.factory.UnsatisfiedDependencyException: Error creating bean with name 'commodityController': Unsatisfied dependency expressed through field 'commodityService'; nested exception is org.springframework.beans.factory.UnsatisfiedDependencyException: Error creating bean with name 'commodityService': Unsatisfied dependency expressed through field 'dao'; nested exception is org.springframework.beans.factory.NoSuchBeanDefinitionException: No qualifying bean of type 'com.example.springboottest.dao.CommodityDao' available: expected at least 1 bean which qualifies as autowire candidate. Dependency annotations: {@org.springframework.beans.factory.annotation.Autowired(required=true)}
2021-01-25 10:41:31.263 [main] INFO  o.s.s.c.ThreadPoolTaskExecutor | Shutting down ExecutorService
2021-01-25 10:41:31.270 [main] INFO  o.a.catalina.core.StandardService | Stopping service [Tomcat]
2021-01-25 10:41:31.334 [main] INFO  o.s.b.a.l.ConditionEvaluationReportLoggingListener | 

Error starting ApplicationContext. To display the conditions report re-run your application with 'debug' enabled.
2021-01-25 10:41:31.671 [main] ERROR o.s.boot.SpringApplication | Application run failed
org.springframework.beans.factory.UnsatisfiedDependencyException: Error creating bean with name 'commodityController': Unsatisfied dependency expressed through field 'commodityService'; nested exception is org.springframework.beans.factory.UnsatisfiedDependencyException: Error creating bean with name 'commodityService': Unsatisfied dependency expressed through field 'dao'; nested exception is org.springframework.beans.factory.NoSuchBeanDefinitionException: No qualifying bean of type 'com.example.springboottest.dao.CommodityDao' available: expected at least 1 bean which qualifies as autowire candidate. Dependency annotations: {@org.springframework.beans.factory.annotation.Autowired(required=true)}
	at org.springframework.beans.factory.annotation.AutowiredAnnotationBeanPostProcessor$AutowiredFieldElement.inject(AutowiredAnnotationBeanPostProcessor.java:596)
	at org.springframework.beans.factory.annotation.InjectionMetadata.inject(InjectionMetadata.java:90)
	at org.springframework.beans.factory.annotation.AutowiredAnnotationBeanPostProcessor.postProcessProperties(AutowiredAnnotationBeanPostProcessor.java:374)
	at org.springframework.beans.factory.support.AbstractAutowireCapableBeanFactory.populateBean(AbstractAutowireCapableBeanFactory.java:1378)
	at org.springframework.beans.factory.support.AbstractAutowireCapableBeanFactory.doCreateBean(AbstractAutowireCapableBeanFactory.java:575)
	at org.springframework.beans.factory.support.AbstractAutowireCapableBeanFactory.createBean(AbstractAutowireCapableBeanFactory.java:498)
	at org.springframework.beans.factory.support.AbstractBeanFactory.lambda$doGetBean$0(AbstractBeanFactory.java:320)
	at org.springframework.beans.factory.support.DefaultSingletonBeanRegistry.getSingleton(DefaultSingletonBeanRegistry.java:222)
	at org.springframework.beans.factory.support.AbstractBeanFactory.doGetBean(AbstractBeanFactory.java:318)
	at org.springframework.beans.factory.support.AbstractBeanFactory.getBean(AbstractBeanFactory.java:199)
	at org.springframework.beans.factory.support.DefaultListableBeanFactory.preInstantiateSingletons(DefaultListableBeanFactory.java:846)
	at org.springframework.context.support.AbstractApplicationContext.finishBeanFactoryInitialization(AbstractApplicationContext.java:863)
	at org.springframework.context.support.AbstractApplicationContext.__refresh(AbstractApplicationContext.java:546)
	at org.springframework.context.support.AbstractApplicationContext.jrLockAndRefresh(AbstractApplicationContext.java:40002)
	at org.springframework.context.support.AbstractApplicationContext.refresh(AbstractApplicationContext.java:41008)
	at org.springframework.boot.web.servlet.context.ServletWebServerApplicationContext.refresh(ServletWebServerApplicationContext.java:142)
	at org.springframework.boot.SpringApplication.refresh(SpringApplication.java:775)
	at org.springframework.boot.SpringApplication.refreshContext(SpringApplication.java:397)
	at org.springframework.boot.SpringApplication.run(SpringApplication.java:316)
	at org.springframework.boot.SpringApplication.run(SpringApplication.java:1260)
	at org.springframework.boot.SpringApplication.run(SpringApplication.java:1248)
	at com.example.springboottest.SpringboottestApplication.main(SpringboottestApplication.java:12)
Caused by: org.springframework.beans.factory.UnsatisfiedDependencyException: Error creating bean with name 'commodityService': Unsatisfied dependency expressed through field 'dao'; nested exception is org.springframework.beans.factory.NoSuchBeanDefinitionException: No qualifying bean of type 'com.example.springboottest.dao.CommodityDao' available: expected at least 1 bean which qualifies as autowire candidate. Dependency annotations: {@org.springframework.beans.factory.annotation.Autowired(required=true)}
	at org.springframework.beans.factory.annotation.AutowiredAnnotationBeanPostProcessor$AutowiredFieldElement.inject(AutowiredAnnotationBeanPostProcessor.java:596)
	at org.springframework.beans.factory.annotation.InjectionMetadata.inject(InjectionMetadata.java:90)
	at org.springframework.beans.factory.annotation.AutowiredAnnotationBeanPostProcessor.postProcessProperties(AutowiredAnnotationBeanPostProcessor.java:374)
	at org.springframework.beans.factory.support.AbstractAutowireCapableBeanFactory.populateBean(AbstractAutowireCapableBeanFactory.java:1378)
	at org.springframework.beans.factory.support.AbstractAutowireCapableBeanFactory.doCreateBean(AbstractAutowireCapableBeanFactory.java:575)
	at org.springframework.beans.factory.support.AbstractAutowireCapableBeanFactory.createBean(AbstractAutowireCapableBeanFactory.java:498)
	at org.springframework.beans.factory.support.AbstractBeanFactory.lambda$doGetBean$0(AbstractBeanFactory.java:320)
	at org.springframework.beans.factory.support.DefaultSingletonBeanRegistry.getSingleton(DefaultSingletonBeanRegistry.java:222)
	at org.springframework.beans.factory.support.AbstractBeanFactory.doGetBean(AbstractBeanFactory.java:318)
	at org.springframework.beans.factory.support.AbstractBeanFactory.getBean(AbstractBeanFactory.java:199)
	at org.springframework.beans.factory.config.DependencyDescriptor.resolveCandidate(DependencyDescriptor.java:277)
	at org.springframework.beans.factory.support.DefaultListableBeanFactory.doResolveDependency(DefaultListableBeanFactory.java:1244)
	at org.springframework.beans.factory.support.DefaultListableBeanFactory.resolveDependency(DefaultListableBeanFactory.java:1164)
	at org.springframework.beans.factory.annotation.AutowiredAnnotationBeanPostProcessor$AutowiredFieldElement.inject(AutowiredAnnotationBeanPostProcessor.java:593)
	... 21 common frames omitted
Caused by: org.springframework.beans.factory.NoSuchBeanDefinitionException: No qualifying bean of type 'com.example.springboottest.dao.CommodityDao' available: expected at least 1 bean which qualifies as autowire candidate. Dependency annotations: {@org.springframework.beans.factory.annotation.Autowired(required=true)}
	at org.springframework.beans.factory.support.DefaultListableBeanFactory.raiseNoMatchingBeanFound(DefaultListableBeanFactory.java:1651)
	at org.springframework.beans.factory.support.DefaultListableBeanFactory.doResolveDependency(DefaultListableBeanFactory.java:1210)
	at org.springframework.beans.factory.support.DefaultListableBeanFactory.resolveDependency(DefaultListableBeanFactory.java:1164)
	at org.springframework.beans.factory.annotation.AutowiredAnnotationBeanPostProcessor$AutowiredFieldElement.inject(AutowiredAnnotationBeanPostProcessor.java:593)
	... 34 common frames omitted
2021-01-25 10:42:33.874 [main] INFO  c.e.s.SpringboottestApplication | Starting SpringboottestApplication on yuli with PID 2276 (C:\Users\wulei\IdeaProjects\springBootTest\target\classes started by wulei in C:\Users\wulei\IdeaProjects\springBootTest)
2021-01-25 10:42:33.876 [main] INFO  c.e.s.SpringboottestApplication | No active profile set, falling back to default profiles: default
2021-01-25 10:42:33.970 [main] INFO  o.s.b.d.e.DevToolsPropertyDefaultsPostProcessor | Devtools property defaults active! Set 'spring.devtools.add-properties' to 'false' to disable
2021-01-25 10:42:33.970 [main] INFO  o.s.b.d.e.DevToolsPropertyDefaultsPostProcessor | For additional web related logging consider setting the 'logging.level.web' property to 'DEBUG'
2021-01-25 10:42:35.953 [main] INFO  o.s.d.r.c.RepositoryConfigurationDelegate | Multiple Spring Data modules found, entering strict repository configuration mode!
2021-01-25 10:42:35.960 [main] INFO  o.s.d.r.c.RepositoryConfigurationDelegate | Bootstrapping Spring Data repositories in DEFAULT mode.
2021-01-25 10:42:36.085 [main] INFO  o.s.d.r.c.RepositoryConfigurationDelegate | Finished Spring Data repository scanning in 73ms. Found 0 repository interfaces.
2021-01-25 10:42:37.197 [main] INFO  o.s.c.s.PostProcessorRegistrationDelegate$BeanPostProcessorChecker | Bean 'org.springframework.transaction.annotation.ProxyTransactionManagementConfiguration' of type [org.springframework.transaction.annotation.ProxyTransactionManagementConfiguration$$EnhancerBySpringCGLIB$$1] is not eligible for getting processed by all BeanPostProcessors (for example: not eligible for auto-proxying)
2021-01-25 10:42:38.287 [main] INFO  o.s.b.w.e.tomcat.TomcatWebServer | Tomcat initialized with port(s): 9090 (http)
2021-01-25 10:42:38.342 [main] INFO  o.a.coyote.http11.Http11NioProtocol | Initializing ProtocolHandler ["http-nio-9090"]
2021-01-25 10:42:38.353 [main] INFO  o.a.catalina.core.StandardService | Starting service [Tomcat]
2021-01-25 10:42:38.354 [main] INFO  o.a.catalina.core.StandardEngine | Starting Servlet engine: [Apache Tomcat/9.0.14]
2021-01-25 10:42:38.376 [main] INFO  o.a.c.core.AprLifecycleListener | The APR based Apache Tomcat Native library which allows optimal performance in production environments was not found on the java.library.path: [C:\Program Files\Java\jdk1.8.0_121\bin;C:\Windows\Sun\Java\bin;C:\Windows\system32;C:\Windows;C:\Program Files (x86)\NetSarang\Xftp 6\;C:\Program Files (x86)\NetSarang\Xshell 6\;C:\ProgramData\Oracle\Java\javapath;C:\Windows\system32;C:\Windows;C:\Windows\System32\Wbem;C:\Windows\System32\WindowsPowerShell\v1.0\;C:\Windows\System32\OpenSSH\;C:\Program Files\TortoiseSVN\bin;"C:\Program Files\Java\jdk1.8.0_121\bin;C:\Program Files\Java\jdk1.8.0_121\jre\bin";C:\Program Files\Git\cmd;D:\Program Files\apache-maven-3.3.9\bin;C:\Users\wulei\AppData\Local\Microsoft\WindowsApps;C:\Program Files\Git\bin;C:\Program Files\Git\mingw64\libexec\git-core;C:\Program Files\Git\mingw64\bin;C:\Users\wulei\AppData\Local\Programs\Microsoft VS Code\bin;D:\Program Files\gradle-4.9-rc-1\bin;;.]
2021-01-25 10:42:38.605 [main] INFO  o.a.c.c.C.[Tomcat].[localhost].[/] | Initializing Spring embedded WebApplicationContext
2021-01-25 10:42:38.605 [main] INFO  o.s.web.context.ContextLoader | Root WebApplicationContext: initialization completed in 4635 ms
2021-01-25 10:42:51.161 [main] INFO  o.s.s.c.ThreadPoolTaskExecutor | Initializing ExecutorService
2021-01-25 10:42:51.801 [main] INFO  o.s.b.a.e.w.ServletEndpointRegistrar | Registered '/actuator/jolokia' to jolokia-actuator-endpoint
2021-01-25 10:42:52.125 [main] WARN  o.s.b.w.s.c.AnnotationConfigServletWebServerApplicationContext | Exception encountered during context initialization - cancelling refresh attempt: org.springframework.beans.factory.UnsatisfiedDependencyException: Error creating bean with name 'commodityController': Unsatisfied dependency expressed through field 'commodityService'; nested exception is org.springframework.beans.factory.UnsatisfiedDependencyException: Error creating bean with name 'commodityService': Unsatisfied dependency expressed through field 'dao'; nested exception is org.springframework.beans.factory.NoSuchBeanDefinitionException: No qualifying bean of type 'com.example.springboottest.dao.CommodityDao' available: expected at least 1 bean which qualifies as autowire candidate. Dependency annotations: {@org.springframework.beans.factory.annotation.Autowired(required=true)}
2021-01-25 10:42:52.138 [main] INFO  o.s.s.c.ThreadPoolTaskExecutor | Shutting down ExecutorService
2021-01-25 10:42:52.144 [main] INFO  o.a.catalina.core.StandardService | Stopping service [Tomcat]
2021-01-25 10:42:52.167 [main] INFO  o.s.b.a.l.ConditionEvaluationReportLoggingListener | 

Error starting ApplicationContext. To display the conditions report re-run your application with 'debug' enabled.
2021-01-25 10:42:52.415 [main] ERROR o.s.boot.SpringApplication | Application run failed
org.springframework.beans.factory.UnsatisfiedDependencyException: Error creating bean with name 'commodityController': Unsatisfied dependency expressed through field 'commodityService'; nested exception is org.springframework.beans.factory.UnsatisfiedDependencyException: Error creating bean with name 'commodityService': Unsatisfied dependency expressed through field 'dao'; nested exception is org.springframework.beans.factory.NoSuchBeanDefinitionException: No qualifying bean of type 'com.example.springboottest.dao.CommodityDao' available: expected at least 1 bean which qualifies as autowire candidate. Dependency annotations: {@org.springframework.beans.factory.annotation.Autowired(required=true)}
	at org.springframework.beans.factory.annotation.AutowiredAnnotationBeanPostProcessor$AutowiredFieldElement.inject(AutowiredAnnotationBeanPostProcessor.java:596)
	at org.springframework.beans.factory.annotation.InjectionMetadata.inject(InjectionMetadata.java:90)
	at org.springframework.beans.factory.annotation.AutowiredAnnotationBeanPostProcessor.postProcessProperties(AutowiredAnnotationBeanPostProcessor.java:374)
	at org.springframework.beans.factory.support.AbstractAutowireCapableBeanFactory.populateBean(AbstractAutowireCapableBeanFactory.java:1378)
	at org.springframework.beans.factory.support.AbstractAutowireCapableBeanFactory.doCreateBean(AbstractAutowireCapableBeanFactory.java:575)
	at org.springframework.beans.factory.support.AbstractAutowireCapableBeanFactory.createBean(AbstractAutowireCapableBeanFactory.java:498)
	at org.springframework.beans.factory.support.AbstractBeanFactory.lambda$doGetBean$0(AbstractBeanFactory.java:320)
	at org.springframework.beans.factory.support.DefaultSingletonBeanRegistry.getSingleton(DefaultSingletonBeanRegistry.java:222)
	at org.springframework.beans.factory.support.AbstractBeanFactory.doGetBean(AbstractBeanFactory.java:318)
	at org.springframework.beans.factory.support.AbstractBeanFactory.getBean(AbstractBeanFactory.java:199)
	at org.springframework.beans.factory.support.DefaultListableBeanFactory.preInstantiateSingletons(DefaultListableBeanFactory.java:846)
	at org.springframework.context.support.AbstractApplicationContext.finishBeanFactoryInitialization(AbstractApplicationContext.java:863)
	at org.springframework.context.support.AbstractApplicationContext.__refresh(AbstractApplicationContext.java:546)
	at org.springframework.context.support.AbstractApplicationContext.jrLockAndRefresh(AbstractApplicationContext.java:40002)
	at org.springframework.context.support.AbstractApplicationContext.refresh(AbstractApplicationContext.java:41008)
	at org.springframework.boot.web.servlet.context.ServletWebServerApplicationContext.refresh(ServletWebServerApplicationContext.java:142)
	at org.springframework.boot.SpringApplication.refresh(SpringApplication.java:775)
	at org.springframework.boot.SpringApplication.refreshContext(SpringApplication.java:397)
	at org.springframework.boot.SpringApplication.run(SpringApplication.java:316)
	at org.springframework.boot.SpringApplication.run(SpringApplication.java:1260)
	at org.springframework.boot.SpringApplication.run(SpringApplication.java:1248)
	at com.example.springboottest.SpringboottestApplication.main(SpringboottestApplication.java:12)
Caused by: org.springframework.beans.factory.UnsatisfiedDependencyException: Error creating bean with name 'commodityService': Unsatisfied dependency expressed through field 'dao'; nested exception is org.springframework.beans.factory.NoSuchBeanDefinitionException: No qualifying bean of type 'com.example.springboottest.dao.CommodityDao' available: expected at least 1 bean which qualifies as autowire candidate. Dependency annotations: {@org.springframework.beans.factory.annotation.Autowired(required=true)}
	at org.springframework.beans.factory.annotation.AutowiredAnnotationBeanPostProcessor$AutowiredFieldElement.inject(AutowiredAnnotationBeanPostProcessor.java:596)
	at org.springframework.beans.factory.annotation.InjectionMetadata.inject(InjectionMetadata.java:90)
	at org.springframework.beans.factory.annotation.AutowiredAnnotationBeanPostProcessor.postProcessProperties(AutowiredAnnotationBeanPostProcessor.java:374)
	at org.springframework.beans.factory.support.AbstractAutowireCapableBeanFactory.populateBean(AbstractAutowireCapableBeanFactory.java:1378)
	at org.springframework.beans.factory.support.AbstractAutowireCapableBeanFactory.doCreateBean(AbstractAutowireCapableBeanFactory.java:575)
	at org.springframework.beans.factory.support.AbstractAutowireCapableBeanFactory.createBean(AbstractAutowireCapableBeanFactory.java:498)
	at org.springframework.beans.factory.support.AbstractBeanFactory.lambda$doGetBean$0(AbstractBeanFactory.java:320)
	at org.springframework.beans.factory.support.DefaultSingletonBeanRegistry.getSingleton(DefaultSingletonBeanRegistry.java:222)
	at org.springframework.beans.factory.support.AbstractBeanFactory.doGetBean(AbstractBeanFactory.java:318)
	at org.springframework.beans.factory.support.AbstractBeanFactory.getBean(AbstractBeanFactory.java:199)
	at org.springframework.beans.factory.config.DependencyDescriptor.resolveCandidate(DependencyDescriptor.java:277)
	at org.springframework.beans.factory.support.DefaultListableBeanFactory.doResolveDependency(DefaultListableBeanFactory.java:1244)
	at org.springframework.beans.factory.support.DefaultListableBeanFactory.resolveDependency(DefaultListableBeanFactory.java:1164)
	at org.springframework.beans.factory.annotation.AutowiredAnnotationBeanPostProcessor$AutowiredFieldElement.inject(AutowiredAnnotationBeanPostProcessor.java:593)
	... 21 common frames omitted
Caused by: org.springframework.beans.factory.NoSuchBeanDefinitionException: No qualifying bean of type 'com.example.springboottest.dao.CommodityDao' available: expected at least 1 bean which qualifies as autowire candidate. Dependency annotations: {@org.springframework.beans.factory.annotation.Autowired(required=true)}
	at org.springframework.beans.factory.support.DefaultListableBeanFactory.raiseNoMatchingBeanFound(DefaultListableBeanFactory.java:1651)
	at org.springframework.beans.factory.support.DefaultListableBeanFactory.doResolveDependency(DefaultListableBeanFactory.java:1210)
	at org.springframework.beans.factory.support.DefaultListableBeanFactory.resolveDependency(DefaultListableBeanFactory.java:1164)
	at org.springframework.beans.factory.annotation.AutowiredAnnotationBeanPostProcessor$AutowiredFieldElement.inject(AutowiredAnnotationBeanPostProcessor.java:593)
	... 34 common frames omitted
2021-01-25 10:45:09.698 [main] INFO  c.e.s.SpringboottestApplication | Starting SpringboottestApplication on yuli with PID 10156 (C:\Users\wulei\IdeaProjects\springBootTest\target\classes started by wulei in C:\Users\wulei\IdeaProjects\springBootTest)
2021-01-25 10:45:09.700 [main] INFO  c.e.s.SpringboottestApplication | No active profile set, falling back to default profiles: default
2021-01-25 10:45:09.792 [main] INFO  o.s.b.d.e.DevToolsPropertyDefaultsPostProcessor | Devtools property defaults active! Set 'spring.devtools.add-properties' to 'false' to disable
2021-01-25 10:45:09.792 [main] INFO  o.s.b.d.e.DevToolsPropertyDefaultsPostProcessor | For additional web related logging consider setting the 'logging.level.web' property to 'DEBUG'
2021-01-25 10:45:11.400 [main] INFO  o.s.d.r.c.RepositoryConfigurationDelegate | Multiple Spring Data modules found, entering strict repository configuration mode!
2021-01-25 10:45:11.407 [main] INFO  o.s.d.r.c.RepositoryConfigurationDelegate | Bootstrapping Spring Data repositories in DEFAULT mode.
2021-01-25 10:45:11.547 [main] INFO  o.s.d.r.c.RepositoryConfigurationDelegate | Finished Spring Data repository scanning in 55ms. Found 0 repository interfaces.
2021-01-25 10:45:12.632 [main] INFO  o.s.c.s.PostProcessorRegistrationDelegate$BeanPostProcessorChecker | Bean 'org.springframework.transaction.annotation.ProxyTransactionManagementConfiguration' of type [org.springframework.transaction.annotation.ProxyTransactionManagementConfiguration$$EnhancerBySpringCGLIB$$1] is not eligible for getting processed by all BeanPostProcessors (for example: not eligible for auto-proxying)
2021-01-25 10:45:13.428 [main] INFO  o.s.b.w.e.tomcat.TomcatWebServer | Tomcat initialized with port(s): 9090 (http)
2021-01-25 10:45:13.455 [main] INFO  o.a.coyote.http11.Http11NioProtocol | Initializing ProtocolHandler ["http-nio-9090"]
2021-01-25 10:45:13.467 [main] INFO  o.a.catalina.core.StandardService | Starting service [Tomcat]
2021-01-25 10:45:13.468 [main] INFO  o.a.catalina.core.StandardEngine | Starting Servlet engine: [Apache Tomcat/9.0.14]
2021-01-25 10:45:13.479 [main] INFO  o.a.c.core.AprLifecycleListener | The APR based Apache Tomcat Native library which allows optimal performance in production environments was not found on the java.library.path: [C:\Program Files\Java\jdk1.8.0_121\bin;C:\Windows\Sun\Java\bin;C:\Windows\system32;C:\Windows;C:\Program Files (x86)\NetSarang\Xftp 6\;C:\Program Files (x86)\NetSarang\Xshell 6\;C:\ProgramData\Oracle\Java\javapath;C:\Windows\system32;C:\Windows;C:\Windows\System32\Wbem;C:\Windows\System32\WindowsPowerShell\v1.0\;C:\Windows\System32\OpenSSH\;C:\Program Files\TortoiseSVN\bin;"C:\Program Files\Java\jdk1.8.0_121\bin;C:\Program Files\Java\jdk1.8.0_121\jre\bin";C:\Program Files\Git\cmd;D:\Program Files\apache-maven-3.3.9\bin;C:\Users\wulei\AppData\Local\Microsoft\WindowsApps;C:\Program Files\Git\bin;C:\Program Files\Git\mingw64\libexec\git-core;C:\Program Files\Git\mingw64\bin;C:\Users\wulei\AppData\Local\Programs\Microsoft VS Code\bin;D:\Program Files\gradle-4.9-rc-1\bin;;.]
2021-01-25 10:45:13.617 [main] INFO  o.a.c.c.C.[Tomcat].[localhost].[/] | Initializing Spring embedded WebApplicationContext
2021-01-25 10:45:13.617 [main] INFO  o.s.web.context.ContextLoader | Root WebApplicationContext: initialization completed in 3825 ms
2021-01-25 10:45:26.335 [main] INFO  o.s.s.c.ThreadPoolTaskExecutor | Initializing ExecutorService
2021-01-25 10:45:27.834 [main] INFO  o.s.b.a.e.w.ServletEndpointRegistrar | Registered '/actuator/jolokia' to jolokia-actuator-endpoint
2021-01-25 10:45:28.194 [main] WARN  o.s.b.w.s.c.AnnotationConfigServletWebServerApplicationContext | Exception encountered during context initialization - cancelling refresh attempt: org.springframework.beans.factory.UnsatisfiedDependencyException: Error creating bean with name 'couponController': Unsatisfied dependency expressed through field 'couponService'; nested exception is org.springframework.beans.factory.UnsatisfiedDependencyException: Error creating bean with name 'couponService': Unsatisfied dependency expressed through field 'dao'; nested exception is org.springframework.beans.factory.NoSuchBeanDefinitionException: No qualifying bean of type 'com.example.springboottest.dao.CouponsDao' available: expected at least 1 bean which qualifies as autowire candidate. Dependency annotations: {@org.springframework.beans.factory.annotation.Autowired(required=true)}
2021-01-25 10:45:28.204 [main] INFO  o.s.s.c.ThreadPoolTaskExecutor | Shutting down ExecutorService
2021-01-25 10:45:28.217 [main] INFO  o.a.catalina.core.StandardService | Stopping service [Tomcat]
2021-01-25 10:45:28.267 [main] INFO  o.s.b.a.l.ConditionEvaluationReportLoggingListener | 

Error starting ApplicationContext. To display the conditions report re-run your application with 'debug' enabled.
2021-01-25 10:45:28.738 [main] ERROR o.s.boot.SpringApplication | Application run failed
org.springframework.beans.factory.UnsatisfiedDependencyException: Error creating bean with name 'couponController': Unsatisfied dependency expressed through field 'couponService'; nested exception is org.springframework.beans.factory.UnsatisfiedDependencyException: Error creating bean with name 'couponService': Unsatisfied dependency expressed through field 'dao'; nested exception is org.springframework.beans.factory.NoSuchBeanDefinitionException: No qualifying bean of type 'com.example.springboottest.dao.CouponsDao' available: expected at least 1 bean which qualifies as autowire candidate. Dependency annotations: {@org.springframework.beans.factory.annotation.Autowired(required=true)}
	at org.springframework.beans.factory.annotation.AutowiredAnnotationBeanPostProcessor$AutowiredFieldElement.inject(AutowiredAnnotationBeanPostProcessor.java:596)
	at org.springframework.beans.factory.annotation.InjectionMetadata.inject(InjectionMetadata.java:90)
	at org.springframework.beans.factory.annotation.AutowiredAnnotationBeanPostProcessor.postProcessProperties(AutowiredAnnotationBeanPostProcessor.java:374)
	at org.springframework.beans.factory.support.AbstractAutowireCapableBeanFactory.populateBean(AbstractAutowireCapableBeanFactory.java:1378)
	at org.springframework.beans.factory.support.AbstractAutowireCapableBeanFactory.doCreateBean(AbstractAutowireCapableBeanFactory.java:575)
	at org.springframework.beans.factory.support.AbstractAutowireCapableBeanFactory.createBean(AbstractAutowireCapableBeanFactory.java:498)
	at org.springframework.beans.factory.support.AbstractBeanFactory.lambda$doGetBean$0(AbstractBeanFactory.java:320)
	at org.springframework.beans.factory.support.DefaultSingletonBeanRegistry.getSingleton(DefaultSingletonBeanRegistry.java:222)
	at org.springframework.beans.factory.support.AbstractBeanFactory.doGetBean(AbstractBeanFactory.java:318)
	at org.springframework.beans.factory.support.AbstractBeanFactory.getBean(AbstractBeanFactory.java:199)
	at org.springframework.beans.factory.support.DefaultListableBeanFactory.preInstantiateSingletons(DefaultListableBeanFactory.java:846)
	at org.springframework.context.support.AbstractApplicationContext.finishBeanFactoryInitialization(AbstractApplicationContext.java:863)
	at org.springframework.context.support.AbstractApplicationContext.__refresh(AbstractApplicationContext.java:546)
	at org.springframework.context.support.AbstractApplicationContext.jrLockAndRefresh(AbstractApplicationContext.java:40002)
	at org.springframework.context.support.AbstractApplicationContext.refresh(AbstractApplicationContext.java:41008)
	at org.springframework.boot.web.servlet.context.ServletWebServerApplicationContext.refresh(ServletWebServerApplicationContext.java:142)
	at org.springframework.boot.SpringApplication.refresh(SpringApplication.java:775)
	at org.springframework.boot.SpringApplication.refreshContext(SpringApplication.java:397)
	at org.springframework.boot.SpringApplication.run(SpringApplication.java:316)
	at org.springframework.boot.SpringApplication.run(SpringApplication.java:1260)
	at org.springframework.boot.SpringApplication.run(SpringApplication.java:1248)
	at com.example.springboottest.SpringboottestApplication.main(SpringboottestApplication.java:12)
Caused by: org.springframework.beans.factory.UnsatisfiedDependencyException: Error creating bean with name 'couponService': Unsatisfied dependency expressed through field 'dao'; nested exception is org.springframework.beans.factory.NoSuchBeanDefinitionException: No qualifying bean of type 'com.example.springboottest.dao.CouponsDao' available: expected at least 1 bean which qualifies as autowire candidate. Dependency annotations: {@org.springframework.beans.factory.annotation.Autowired(required=true)}
	at org.springframework.beans.factory.annotation.AutowiredAnnotationBeanPostProcessor$AutowiredFieldElement.inject(AutowiredAnnotationBeanPostProcessor.java:596)
	at org.springframework.beans.factory.annotation.InjectionMetadata.inject(InjectionMetadata.java:90)
	at org.springframework.beans.factory.annotation.AutowiredAnnotationBeanPostProcessor.postProcessProperties(AutowiredAnnotationBeanPostProcessor.java:374)
	at org.springframework.beans.factory.support.AbstractAutowireCapableBeanFactory.populateBean(AbstractAutowireCapableBeanFactory.java:1378)
	at org.springframework.beans.factory.support.AbstractAutowireCapableBeanFactory.doCreateBean(AbstractAutowireCapableBeanFactory.java:575)
	at org.springframework.beans.factory.support.AbstractAutowireCapableBeanFactory.createBean(AbstractAutowireCapableBeanFactory.java:498)
	at org.springframework.beans.factory.support.AbstractBeanFactory.lambda$doGetBean$0(AbstractBeanFactory.java:320)
	at org.springframework.beans.factory.support.DefaultSingletonBeanRegistry.getSingleton(DefaultSingletonBeanRegistry.java:222)
	at org.springframework.beans.factory.support.AbstractBeanFactory.doGetBean(AbstractBeanFactory.java:318)
	at org.springframework.beans.factory.support.AbstractBeanFactory.getBean(AbstractBeanFactory.java:199)
	at org.springframework.beans.factory.config.DependencyDescriptor.resolveCandidate(DependencyDescriptor.java:277)
	at org.springframework.beans.factory.support.DefaultListableBeanFactory.doResolveDependency(DefaultListableBeanFactory.java:1244)
	at org.springframework.beans.factory.support.DefaultListableBeanFactory.resolveDependency(DefaultListableBeanFactory.java:1164)
	at org.springframework.beans.factory.annotation.AutowiredAnnotationBeanPostProcessor$AutowiredFieldElement.inject(AutowiredAnnotationBeanPostProcessor.java:593)
	... 21 common frames omitted
Caused by: org.springframework.beans.factory.NoSuchBeanDefinitionException: No qualifying bean of type 'com.example.springboottest.dao.CouponsDao' available: expected at least 1 bean which qualifies as autowire candidate. Dependency annotations: {@org.springframework.beans.factory.annotation.Autowired(required=true)}
	at org.springframework.beans.factory.support.DefaultListableBeanFactory.raiseNoMatchingBeanFound(DefaultListableBeanFactory.java:1651)
	at org.springframework.beans.factory.support.DefaultListableBeanFactory.doResolveDependency(DefaultListableBeanFactory.java:1210)
	at org.springframework.beans.factory.support.DefaultListableBeanFactory.resolveDependency(DefaultListableBeanFactory.java:1164)
	at org.springframework.beans.factory.annotation.AutowiredAnnotationBeanPostProcessor$AutowiredFieldElement.inject(AutowiredAnnotationBeanPostProcessor.java:593)
	... 34 common frames omitted
2021-01-25 10:49:52.129 [main] INFO  c.e.s.SpringboottestApplication | Starting SpringboottestApplication on yuli with PID 22224 (C:\Users\wulei\IdeaProjects\springBootTest\target\classes started by wulei in C:\Users\wulei\IdeaProjects\springBootTest)
2021-01-25 10:49:52.145 [main] INFO  c.e.s.SpringboottestApplication | No active profile set, falling back to default profiles: default
2021-01-25 10:49:52.249 [main] INFO  o.s.b.d.e.DevToolsPropertyDefaultsPostProcessor | Devtools property defaults active! Set 'spring.devtools.add-properties' to 'false' to disable
2021-01-25 10:49:52.249 [main] INFO  o.s.b.d.e.DevToolsPropertyDefaultsPostProcessor | For additional web related logging consider setting the 'logging.level.web' property to 'DEBUG'
2021-01-25 10:49:57.499 [main] INFO  o.s.d.r.c.RepositoryConfigurationDelegate | Multiple Spring Data modules found, entering strict repository configuration mode!
2021-01-25 10:49:57.507 [main] INFO  o.s.d.r.c.RepositoryConfigurationDelegate | Bootstrapping Spring Data repositories in DEFAULT mode.
2021-01-25 10:49:57.681 [main] INFO  o.s.d.r.c.RepositoryConfigurationDelegate | Finished Spring Data repository scanning in 109ms. Found 0 repository interfaces.
2021-01-25 10:49:59.420 [main] INFO  o.s.c.s.PostProcessorRegistrationDelegate$BeanPostProcessorChecker | Bean 'org.springframework.transaction.annotation.ProxyTransactionManagementConfiguration' of type [org.springframework.transaction.annotation.ProxyTransactionManagementConfiguration$$EnhancerBySpringCGLIB$$1] is not eligible for getting processed by all BeanPostProcessors (for example: not eligible for auto-proxying)
2021-01-25 10:50:00.868 [main] INFO  o.s.b.w.e.tomcat.TomcatWebServer | Tomcat initialized with port(s): 9090 (http)
2021-01-25 10:50:00.924 [main] INFO  o.a.coyote.http11.Http11NioProtocol | Initializing ProtocolHandler ["http-nio-9090"]
2021-01-25 10:50:00.938 [main] INFO  o.a.catalina.core.StandardService | Starting service [Tomcat]
2021-01-25 10:50:00.938 [main] INFO  o.a.catalina.core.StandardEngine | Starting Servlet engine: [Apache Tomcat/9.0.14]
2021-01-25 10:50:00.960 [main] INFO  o.a.c.core.AprLifecycleListener | The APR based Apache Tomcat Native library which allows optimal performance in production environments was not found on the java.library.path: [C:\Program Files\Java\jdk1.8.0_121\bin;C:\Windows\Sun\Java\bin;C:\Windows\system32;C:\Windows;C:\Program Files (x86)\NetSarang\Xftp 6\;C:\Program Files (x86)\NetSarang\Xshell 6\;C:\ProgramData\Oracle\Java\javapath;C:\Windows\system32;C:\Windows;C:\Windows\System32\Wbem;C:\Windows\System32\WindowsPowerShell\v1.0\;C:\Windows\System32\OpenSSH\;C:\Program Files\TortoiseSVN\bin;"C:\Program Files\Java\jdk1.8.0_121\bin;C:\Program Files\Java\jdk1.8.0_121\jre\bin";C:\Program Files\Git\cmd;D:\Program Files\apache-maven-3.3.9\bin;C:\Users\wulei\AppData\Local\Microsoft\WindowsApps;C:\Program Files\Git\bin;C:\Program Files\Git\mingw64\libexec\git-core;C:\Program Files\Git\mingw64\bin;C:\Users\wulei\AppData\Local\Programs\Microsoft VS Code\bin;D:\Program Files\gradle-4.9-rc-1\bin;;.]
2021-01-25 10:50:01.193 [main] INFO  o.a.c.c.C.[Tomcat].[localhost].[/] | Initializing Spring embedded WebApplicationContext
2021-01-25 10:50:01.194 [main] INFO  o.s.web.context.ContextLoader | Root WebApplicationContext: initialization completed in 8944 ms
2021-01-25 10:50:13.924 [main] INFO  o.s.s.c.ThreadPoolTaskExecutor | Initializing ExecutorService
2021-01-25 10:50:14.797 [main] INFO  o.s.b.a.e.w.ServletEndpointRegistrar | Registered '/actuator/jolokia' to jolokia-actuator-endpoint
2021-01-25 10:50:17.259 [main] WARN  o.s.b.w.s.c.AnnotationConfigServletWebServerApplicationContext | Exception encountered during context initialization - cancelling refresh attempt: org.springframework.beans.factory.UnsatisfiedDependencyException: Error creating bean with name 'test4': Unsatisfied dependency expressed through field 'test4Service'; nested exception is org.springframework.beans.factory.UnsatisfiedDependencyException: Error creating bean with name 'test4ServiceImpl': Unsatisfied dependency expressed through field 'tbUserDao'; nested exception is org.springframework.beans.factory.NoSuchBeanDefinitionException: No qualifying bean of type 'com.example.springboottest.dao.TbUserDao' available: expected at least 1 bean which qualifies as autowire candidate. Dependency annotations: {@org.springframework.beans.factory.annotation.Autowired(required=true)}
2021-01-25 10:50:17.269 [main] INFO  o.s.s.c.ThreadPoolTaskExecutor | Shutting down ExecutorService
2021-01-25 10:50:17.275 [main] INFO  o.a.catalina.core.StandardService | Stopping service [Tomcat]
2021-01-25 10:50:17.345 [main] INFO  o.s.b.a.l.ConditionEvaluationReportLoggingListener | 

Error starting ApplicationContext. To display the conditions report re-run your application with 'debug' enabled.
2021-01-25 10:50:17.729 [main] ERROR o.s.b.d.LoggingFailureAnalysisReporter | 

***************************
APPLICATION FAILED TO START
***************************

Description:

Field tbUserDao in com.example.springboottest.service.impl.Test4ServiceImpl required a bean of type 'com.example.springboottest.dao.TbUserDao' that could not be found.

The injection point has the following annotations:
	- @org.springframework.beans.factory.annotation.Autowired(required=true)


Action:

Consider defining a bean of type 'com.example.springboottest.dao.TbUserDao' in your configuration.

2021-01-25 10:51:52.613 [main] INFO  c.e.s.SpringboottestApplication | Starting SpringboottestApplication on yuli with PID 10236 (C:\Users\wulei\IdeaProjects\springBootTest\target\classes started by wulei in C:\Users\wulei\IdeaProjects\springBootTest)
2021-01-25 10:51:52.615 [main] INFO  c.e.s.SpringboottestApplication | No active profile set, falling back to default profiles: default
2021-01-25 10:51:52.731 [main] INFO  o.s.b.d.e.DevToolsPropertyDefaultsPostProcessor | Devtools property defaults active! Set 'spring.devtools.add-properties' to 'false' to disable
2021-01-25 10:51:52.731 [main] INFO  o.s.b.d.e.DevToolsPropertyDefaultsPostProcessor | For additional web related logging consider setting the 'logging.level.web' property to 'DEBUG'
2021-01-25 10:51:54.888 [main] INFO  o.s.d.r.c.RepositoryConfigurationDelegate | Multiple Spring Data modules found, entering strict repository configuration mode!
2021-01-25 10:51:54.894 [main] INFO  o.s.d.r.c.RepositoryConfigurationDelegate | Bootstrapping Spring Data repositories in DEFAULT mode.
2021-01-25 10:51:55.027 [main] INFO  o.s.d.r.c.RepositoryConfigurationDelegate | Finished Spring Data repository scanning in 78ms. Found 0 repository interfaces.
2021-01-25 10:51:56.275 [main] INFO  o.s.c.s.PostProcessorRegistrationDelegate$BeanPostProcessorChecker | Bean 'org.springframework.transaction.annotation.ProxyTransactionManagementConfiguration' of type [org.springframework.transaction.annotation.ProxyTransactionManagementConfiguration$$EnhancerBySpringCGLIB$$1] is not eligible for getting processed by all BeanPostProcessors (for example: not eligible for auto-proxying)
2021-01-25 10:51:57.408 [main] INFO  o.s.b.w.e.tomcat.TomcatWebServer | Tomcat initialized with port(s): 9090 (http)
2021-01-25 10:51:57.465 [main] INFO  o.a.coyote.http11.Http11NioProtocol | Initializing ProtocolHandler ["http-nio-9090"]
2021-01-25 10:51:57.478 [main] INFO  o.a.catalina.core.StandardService | Starting service [Tomcat]
2021-01-25 10:51:57.478 [main] INFO  o.a.catalina.core.StandardEngine | Starting Servlet engine: [Apache Tomcat/9.0.14]
2021-01-25 10:51:57.499 [main] INFO  o.a.c.core.AprLifecycleListener | The APR based Apache Tomcat Native library which allows optimal performance in production environments was not found on the java.library.path: [C:\Program Files\Java\jdk1.8.0_121\bin;C:\Windows\Sun\Java\bin;C:\Windows\system32;C:\Windows;C:\Program Files (x86)\NetSarang\Xftp 6\;C:\Program Files (x86)\NetSarang\Xshell 6\;C:\ProgramData\Oracle\Java\javapath;C:\Windows\system32;C:\Windows;C:\Windows\System32\Wbem;C:\Windows\System32\WindowsPowerShell\v1.0\;C:\Windows\System32\OpenSSH\;C:\Program Files\TortoiseSVN\bin;"C:\Program Files\Java\jdk1.8.0_121\bin;C:\Program Files\Java\jdk1.8.0_121\jre\bin";C:\Program Files\Git\cmd;D:\Program Files\apache-maven-3.3.9\bin;C:\Users\wulei\AppData\Local\Microsoft\WindowsApps;C:\Program Files\Git\bin;C:\Program Files\Git\mingw64\libexec\git-core;C:\Program Files\Git\mingw64\bin;C:\Users\wulei\AppData\Local\Programs\Microsoft VS Code\bin;D:\Program Files\gradle-4.9-rc-1\bin;;.]
2021-01-25 10:51:57.739 [main] INFO  o.a.c.c.C.[Tomcat].[localhost].[/] | Initializing Spring embedded WebApplicationContext
2021-01-25 10:51:57.739 [main] INFO  o.s.web.context.ContextLoader | Root WebApplicationContext: initialization completed in 5007 ms
2021-01-25 10:52:10.306 [main] INFO  o.s.s.c.ThreadPoolTaskExecutor | Initializing ExecutorService
2021-01-25 10:52:11.017 [main] INFO  o.s.b.a.e.w.ServletEndpointRegistrar | Registered '/actuator/jolokia' to jolokia-actuator-endpoint
2021-01-25 10:52:13.691 [main] WARN  o.s.b.w.s.c.AnnotationConfigServletWebServerApplicationContext | Exception encountered during context initialization - cancelling refresh attempt: org.springframework.beans.factory.UnsatisfiedDependencyException: Error creating bean with name 'test4': Unsatisfied dependency expressed through field 'test4Service'; nested exception is org.springframework.beans.factory.UnsatisfiedDependencyException: Error creating bean with name 'test4ServiceImpl': Unsatisfied dependency expressed through field 'tbUserDao'; nested exception is org.springframework.beans.factory.NoSuchBeanDefinitionException: No qualifying bean of type 'com.example.springboottest.dao.TbUserDao' available: expected at least 1 bean which qualifies as autowire candidate. Dependency annotations: {@org.springframework.beans.factory.annotation.Autowired(required=true)}
2021-01-25 10:52:13.721 [main] INFO  o.s.s.c.ThreadPoolTaskExecutor | Shutting down ExecutorService
2021-01-25 10:52:13.732 [main] INFO  o.a.catalina.core.StandardService | Stopping service [Tomcat]
2021-01-25 10:52:13.762 [main] INFO  o.s.b.a.l.ConditionEvaluationReportLoggingListener | 

Error starting ApplicationContext. To display the conditions report re-run your application with 'debug' enabled.
2021-01-25 10:52:14.899 [main] ERROR o.s.b.d.LoggingFailureAnalysisReporter | 

***************************
APPLICATION FAILED TO START
***************************

Description:

Field tbUserDao in com.example.springboottest.service.impl.Test4ServiceImpl required a bean of type 'com.example.springboottest.dao.TbUserDao' that could not be found.

The injection point has the following annotations:
	- @org.springframework.beans.factory.annotation.Autowired(required=true)


Action:

Consider defining a bean of type 'com.example.springboottest.dao.TbUserDao' in your configuration.

2021-01-25 11:11:52.244 [main] INFO  c.e.s.SpringboottestApplication | Starting SpringboottestApplication on yuli with PID 13820 (C:\Users\wulei\IdeaProjects\springBootTest\target\classes started by wulei in C:\Users\wulei\IdeaProjects\springBootTest)
2021-01-25 11:11:52.246 [main] INFO  c.e.s.SpringboottestApplication | No active profile set, falling back to default profiles: default
2021-01-25 11:11:52.348 [main] INFO  o.s.b.d.e.DevToolsPropertyDefaultsPostProcessor | Devtools property defaults active! Set 'spring.devtools.add-properties' to 'false' to disable
2021-01-25 11:11:52.349 [main] INFO  o.s.b.d.e.DevToolsPropertyDefaultsPostProcessor | For additional web related logging consider setting the 'logging.level.web' property to 'DEBUG'
2021-01-25 11:11:54.521 [main] INFO  o.s.d.r.c.RepositoryConfigurationDelegate | Multiple Spring Data modules found, entering strict repository configuration mode!
2021-01-25 11:11:54.526 [main] INFO  o.s.d.r.c.RepositoryConfigurationDelegate | Bootstrapping Spring Data repositories in DEFAULT mode.
2021-01-25 11:11:54.684 [main] INFO  o.s.d.r.c.RepositoryConfigurationDelegate | Finished Spring Data repository scanning in 98ms. Found 0 repository interfaces.
2021-01-25 11:11:55.874 [main] INFO  o.s.c.s.PostProcessorRegistrationDelegate$BeanPostProcessorChecker | Bean 'org.springframework.transaction.annotation.ProxyTransactionManagementConfiguration' of type [org.springframework.transaction.annotation.ProxyTransactionManagementConfiguration$$EnhancerBySpringCGLIB$$1] is not eligible for getting processed by all BeanPostProcessors (for example: not eligible for auto-proxying)
2021-01-25 11:11:56.990 [main] INFO  o.s.b.w.e.tomcat.TomcatWebServer | Tomcat initialized with port(s): 9090 (http)
2021-01-25 11:11:57.047 [main] INFO  o.a.coyote.http11.Http11NioProtocol | Initializing ProtocolHandler ["http-nio-9090"]
2021-01-25 11:11:57.063 [main] INFO  o.a.catalina.core.StandardService | Starting service [Tomcat]
2021-01-25 11:11:57.064 [main] INFO  o.a.catalina.core.StandardEngine | Starting Servlet engine: [Apache Tomcat/9.0.14]
2021-01-25 11:11:57.083 [main] INFO  o.a.c.core.AprLifecycleListener | The APR based Apache Tomcat Native library which allows optimal performance in production environments was not found on the java.library.path: [C:\Program Files\Java\jdk1.8.0_121\bin;C:\Windows\Sun\Java\bin;C:\Windows\system32;C:\Windows;C:\Program Files (x86)\NetSarang\Xftp 6\;C:\Program Files (x86)\NetSarang\Xshell 6\;C:\ProgramData\Oracle\Java\javapath;C:\Windows\system32;C:\Windows;C:\Windows\System32\Wbem;C:\Windows\System32\WindowsPowerShell\v1.0\;C:\Windows\System32\OpenSSH\;C:\Program Files\TortoiseSVN\bin;"C:\Program Files\Java\jdk1.8.0_121\bin;C:\Program Files\Java\jdk1.8.0_121\jre\bin";C:\Program Files\Git\cmd;D:\Program Files\apache-maven-3.3.9\bin;C:\Users\wulei\AppData\Local\Microsoft\WindowsApps;C:\Program Files\Git\bin;C:\Program Files\Git\mingw64\libexec\git-core;C:\Program Files\Git\mingw64\bin;C:\Users\wulei\AppData\Local\Programs\Microsoft VS Code\bin;D:\Program Files\gradle-4.9-rc-1\bin;;.]
2021-01-25 11:11:57.824 [main] INFO  o.a.c.c.C.[Tomcat].[localhost].[/] | Initializing Spring embedded WebApplicationContext
2021-01-25 11:11:57.824 [main] INFO  o.s.web.context.ContextLoader | Root WebApplicationContext: initialization completed in 5475 ms
2021-01-25 11:12:11.634 [main] INFO  o.s.s.c.ThreadPoolTaskExecutor | Initializing ExecutorService
2021-01-25 11:12:12.574 [main] INFO  o.s.b.a.e.w.ServletEndpointRegistrar | Registered '/actuator/jolokia' to jolokia-actuator-endpoint
2021-01-25 11:12:14.385 [main] WARN  o.s.b.w.s.c.AnnotationConfigServletWebServerApplicationContext | Exception encountered during context initialization - cancelling refresh attempt: org.springframework.beans.factory.UnsatisfiedDependencyException: Error creating bean with name 'timeService': Unsatisfied dependency expressed through field 'dao'; nested exception is org.springframework.beans.factory.NoSuchBeanDefinitionException: No qualifying bean of type 'com.example.springboottest.dao.TimeDao' available: expected at least 1 bean which qualifies as autowire candidate. Dependency annotations: {@org.springframework.beans.factory.annotation.Autowired(required=true)}
2021-01-25 11:12:14.394 [main] INFO  o.s.s.c.ThreadPoolTaskExecutor | Shutting down ExecutorService
2021-01-25 11:12:14.400 [main] INFO  o.a.catalina.core.StandardService | Stopping service [Tomcat]
2021-01-25 11:12:14.424 [main] INFO  o.s.b.a.l.ConditionEvaluationReportLoggingListener | 

Error starting ApplicationContext. To display the conditions report re-run your application with 'debug' enabled.
2021-01-25 11:12:14.872 [main] ERROR o.s.b.d.LoggingFailureAnalysisReporter | 

***************************
APPLICATION FAILED TO START
***************************

Description:

Field dao in com.example.springboottest.service.TimeService required a bean of type 'com.example.springboottest.dao.TimeDao' that could not be found.

The injection point has the following annotations:
	- @org.springframework.beans.factory.annotation.Autowired(required=true)


Action:

Consider defining a bean of type 'com.example.springboottest.dao.TimeDao' in your configuration.

2021-01-25 11:17:52.645 [main] INFO  c.e.s.SpringboottestApplication | Starting SpringboottestApplication on yuli with PID 16856 (C:\Users\wulei\IdeaProjects\springBootTest\target\classes started by wulei in C:\Users\wulei\IdeaProjects\springBootTest)
2021-01-25 11:17:52.646 [main] INFO  c.e.s.SpringboottestApplication | No active profile set, falling back to default profiles: default
2021-01-25 11:17:52.753 [main] INFO  o.s.b.d.e.DevToolsPropertyDefaultsPostProcessor | Devtools property defaults active! Set 'spring.devtools.add-properties' to 'false' to disable
2021-01-25 11:17:52.754 [main] INFO  o.s.b.d.e.DevToolsPropertyDefaultsPostProcessor | For additional web related logging consider setting the 'logging.level.web' property to 'DEBUG'
2021-01-25 11:17:54.798 [main] INFO  o.s.d.r.c.RepositoryConfigurationDelegate | Multiple Spring Data modules found, entering strict repository configuration mode!
2021-01-25 11:17:54.803 [main] INFO  o.s.d.r.c.RepositoryConfigurationDelegate | Bootstrapping Spring Data repositories in DEFAULT mode.
2021-01-25 11:17:54.933 [main] INFO  o.s.d.r.c.RepositoryConfigurationDelegate | Finished Spring Data repository scanning in 75ms. Found 0 repository interfaces.
2021-01-25 11:17:56.207 [main] INFO  o.s.c.s.PostProcessorRegistrationDelegate$BeanPostProcessorChecker | Bean 'org.springframework.transaction.annotation.ProxyTransactionManagementConfiguration' of type [org.springframework.transaction.annotation.ProxyTransactionManagementConfiguration$$EnhancerBySpringCGLIB$$1] is not eligible for getting processed by all BeanPostProcessors (for example: not eligible for auto-proxying)
2021-01-25 11:17:57.338 [main] INFO  o.s.b.w.e.tomcat.TomcatWebServer | Tomcat initialized with port(s): 9090 (http)
2021-01-25 11:17:57.392 [main] INFO  o.a.coyote.http11.Http11NioProtocol | Initializing ProtocolHandler ["http-nio-9090"]
2021-01-25 11:17:57.406 [main] INFO  o.a.catalina.core.StandardService | Starting service [Tomcat]
2021-01-25 11:17:57.406 [main] INFO  o.a.catalina.core.StandardEngine | Starting Servlet engine: [Apache Tomcat/9.0.14]
2021-01-25 11:17:57.427 [main] INFO  o.a.c.core.AprLifecycleListener | The APR based Apache Tomcat Native library which allows optimal performance in production environments was not found on the java.library.path: [C:\Program Files\Java\jdk1.8.0_121\bin;C:\Windows\Sun\Java\bin;C:\Windows\system32;C:\Windows;C:\Program Files (x86)\NetSarang\Xftp 6\;C:\Program Files (x86)\NetSarang\Xshell 6\;C:\ProgramData\Oracle\Java\javapath;C:\Windows\system32;C:\Windows;C:\Windows\System32\Wbem;C:\Windows\System32\WindowsPowerShell\v1.0\;C:\Windows\System32\OpenSSH\;C:\Program Files\TortoiseSVN\bin;"C:\Program Files\Java\jdk1.8.0_121\bin;C:\Program Files\Java\jdk1.8.0_121\jre\bin";C:\Program Files\Git\cmd;D:\Program Files\apache-maven-3.3.9\bin;C:\Users\wulei\AppData\Local\Microsoft\WindowsApps;C:\Program Files\Git\bin;C:\Program Files\Git\mingw64\libexec\git-core;C:\Program Files\Git\mingw64\bin;C:\Users\wulei\AppData\Local\Programs\Microsoft VS Code\bin;D:\Program Files\gradle-4.9-rc-1\bin;;.]
2021-01-25 11:17:57.677 [main] INFO  o.a.c.c.C.[Tomcat].[localhost].[/] | Initializing Spring embedded WebApplicationContext
2021-01-25 11:17:57.677 [main] INFO  o.s.web.context.ContextLoader | Root WebApplicationContext: initialization completed in 4922 ms
2021-01-25 11:18:10.291 [main] INFO  o.s.s.c.ThreadPoolTaskExecutor | Initializing ExecutorService
2021-01-25 11:18:10.948 [main] INFO  o.s.b.a.e.w.ServletEndpointRegistrar | Registered '/actuator/jolokia' to jolokia-actuator-endpoint
2021-01-25 11:18:12.341 [main] INFO  o.s.s.c.ThreadPoolTaskExecutor | Initializing ExecutorService
2021-01-25 11:18:12.344 [main] INFO  o.s.s.c.ThreadPoolTaskExecutor | Initializing ExecutorService 'getAsyncExecutor'
2021-01-25 11:18:13.485 [main] INFO  o.s.s.c.ThreadPoolTaskScheduler | Initializing ExecutorService
2021-01-25 11:18:13.562 [main] INFO  c.a.i.provider.imp.AssemblerImp | Loaded jar:file:/D:/Program%20Files/apache-maven-3.3.9/repository/com/atomikos/transactions/4.0.6/transactions-4.0.6.jar!/transactions-defaults.properties
2021-01-25 11:18:13.566 [main] WARN  c.a.i.provider.imp.AssemblerImp | Thanks for using Atomikos! Evaluate http://www.atomikos.com/Main/ExtremeTransactions for advanced features and professional support
or register at http://www.atomikos.com/Main/RegisterYourDownload to disable this message and receive FREE tips & advice
2021-01-25 11:18:13.572 [main] INFO  c.a.i.provider.imp.AssemblerImp | USING: com.atomikos.icatch.default_max_wait_time_on_shutdown = 9223372036854775807
2021-01-25 11:18:13.572 [main] INFO  c.a.i.provider.imp.AssemblerImp | USING: com.atomikos.icatch.allow_subtransactions = true
2021-01-25 11:18:13.573 [main] INFO  c.a.i.provider.imp.AssemblerImp | USING: com.atomikos.icatch.recovery_delay = 10000
2021-01-25 11:18:13.573 [main] INFO  c.a.i.provider.imp.AssemblerImp | USING: com.atomikos.icatch.automatic_resource_registration = true
2021-01-25 11:18:13.573 [main] INFO  c.a.i.provider.imp.AssemblerImp | USING: com.atomikos.icatch.oltp_max_retries = 5
2021-01-25 11:18:13.573 [main] INFO  c.a.i.provider.imp.AssemblerImp | USING: com.atomikos.icatch.client_demarcation = false
2021-01-25 11:18:13.573 [main] INFO  c.a.i.provider.imp.AssemblerImp | USING: com.atomikos.icatch.threaded_2pc = false
2021-01-25 11:18:13.573 [main] INFO  c.a.i.provider.imp.AssemblerImp | USING: com.atomikos.icatch.serial_jta_transactions = true
2021-01-25 11:18:13.573 [main] INFO  c.a.i.provider.imp.AssemblerImp | USING: com.atomikos.icatch.log_base_dir = C:\Users\wulei\IdeaProjects\springBootTest\transaction-logs
2021-01-25 11:18:13.573 [main] INFO  c.a.i.provider.imp.AssemblerImp | USING: com.atomikos.icatch.rmi_export_class = none
2021-01-25 11:18:13.574 [main] INFO  c.a.i.provider.imp.AssemblerImp | USING: com.atomikos.icatch.max_actives = 50
2021-01-25 11:18:13.574 [main] INFO  c.a.i.provider.imp.AssemblerImp | USING: com.atomikos.icatch.checkpoint_interval = 500
2021-01-25 11:18:13.574 [main] INFO  c.a.i.provider.imp.AssemblerImp | USING: com.atomikos.icatch.enable_logging = true
2021-01-25 11:18:13.574 [main] INFO  c.a.i.provider.imp.AssemblerImp | USING: com.atomikos.icatch.log_base_name = tmlog
2021-01-25 11:18:13.574 [main] INFO  c.a.i.provider.imp.AssemblerImp | USING: com.atomikos.icatch.max_timeout = 300000
2021-01-25 11:18:13.574 [main] INFO  c.a.i.provider.imp.AssemblerImp | USING: com.atomikos.icatch.trust_client_tm = false
2021-01-25 11:18:13.575 [main] INFO  c.a.i.provider.imp.AssemblerImp | USING: java.naming.factory.initial = com.sun.jndi.rmi.registry.RegistryContextFactory
2021-01-25 11:18:13.575 [main] INFO  c.a.i.provider.imp.AssemblerImp | USING: com.atomikos.icatch.tm_unique_name = 192.168.0.173.tm
2021-01-25 11:18:13.576 [main] INFO  c.a.i.provider.imp.AssemblerImp | USING: com.atomikos.icatch.forget_orphaned_log_entries_delay = 86400000
2021-01-25 11:18:13.576 [main] INFO  c.a.i.provider.imp.AssemblerImp | USING: com.atomikos.icatch.oltp_retry_interval = 10000
2021-01-25 11:18:13.576 [main] INFO  c.a.i.provider.imp.AssemblerImp | USING: java.naming.provider.url = rmi://localhost:1099
2021-01-25 11:18:13.576 [main] INFO  c.a.i.provider.imp.AssemblerImp | USING: com.atomikos.icatch.force_shutdown_on_vm_exit = false
2021-01-25 11:18:13.576 [main] INFO  c.a.i.provider.imp.AssemblerImp | USING: com.atomikos.icatch.default_jta_timeout = 10000
2021-01-25 11:18:13.578 [main] INFO  c.a.i.provider.imp.AssemblerImp | Using default (local) logging and recovery...
2021-01-25 11:18:14.076 [main] INFO  o.s.b.a.s.s.UserDetailsServiceAutoConfiguration | 

Using generated security password: 50dfa19d-c34b-45b0-89d9-7d1169b9b362

2021-01-25 11:18:14.415 [main] INFO  o.s.s.w.DefaultSecurityFilterChain | Creating filter chain: any request, [org.springframework.security.web.context.request.async.WebAsyncManagerIntegrationFilter@2c599f08, org.springframework.security.web.context.SecurityContextPersistenceFilter@35ed6735, org.springframework.security.web.header.HeaderWriterFilter@1a22e153, org.springframework.security.web.authentication.logout.LogoutFilter@38480dca, org.springframework.security.web.savedrequest.RequestCacheAwareFilter@241b6bd0, org.springframework.security.web.servletapi.SecurityContextHolderAwareRequestFilter@5ed5d524, org.springframework.security.web.authentication.AnonymousAuthenticationFilter@32c85a92, org.springframework.security.web.session.SessionManagementFilter@58451738, org.springframework.security.web.access.ExceptionTranslationFilter@313d92f3, org.springframework.security.web.access.intercept.FilterSecurityInterceptor@419db784]
2021-01-25 11:18:14.760 [main] INFO  o.s.b.a.e.web.EndpointLinksResolver | Exposing 16 endpoint(s) beneath base path '/actuator'
2021-01-25 11:18:14.826 [main] INFO  o.s.s.c.ThreadPoolTaskScheduler | Initializing ExecutorService 'taskScheduler'
2021-01-25 11:18:14.914 [main] INFO  o.s.b.d.a.OptionalLiveReloadServer | LiveReload server is running on port 35729
2021-01-25 11:18:14.997 [main] INFO  o.a.coyote.http11.Http11NioProtocol | Starting ProtocolHandler ["http-nio-9090"]
2021-01-25 11:18:15.058 [main] INFO  o.s.b.w.e.tomcat.TomcatWebServer | Tomcat started on port(s): 9090 (http) with context path ''
2021-01-25 11:18:15.063 [main] INFO  c.e.s.SpringboottestApplication | Started SpringboottestApplication in 24.218 seconds (JVM running for 28.887)
2021-01-25 11:18:15.139 [main] WARN  c.a.jdbc.AbstractDataSourceBean | AtomikosDataSoureBean 'mysqlDataSource': poolSize equals default - this may cause performance problems!
2021-01-25 11:18:36.284 [main] INFO  c.a.d.xa.XATransactionalResource | mysqlDataSource: refreshed XAResource
2021-01-25 11:18:57.287 [main] INFO  c.a.d.xa.XATransactionalResource | mysqlDataSource: refreshed XAResource
2021-01-25 11:19:18.307 [main] WARN  c.a.j.AtomikosXAConnectionFactory | XAConnectionFactory: failed to create pooled connection - DBMS down or unreachable?
com.mysql.cj.jdbc.exceptions.CommunicationsException: Communications link failure

The last packet sent successfully to the server was 0 milliseconds ago. The driver has not received any packets from the server.
	at com.mysql.cj.jdbc.exceptions.SQLError.createCommunicationsException(SQLError.java:174)
	at com.mysql.cj.jdbc.exceptions.SQLExceptionsMapping.translateException(SQLExceptionsMapping.java:64)
	at com.mysql.cj.jdbc.ConnectionImpl.createNewIO(ConnectionImpl.java:835)
	at com.mysql.cj.jdbc.ConnectionImpl.<init>(ConnectionImpl.java:455)
	at com.mysql.cj.jdbc.ConnectionImpl.getInstance(ConnectionImpl.java:240)
	at com.mysql.cj.jdbc.NonRegisteringDriver.connect(NonRegisteringDriver.java:207)
	at com.mysql.cj.jdbc.MysqlDataSource.getConnection(MysqlDataSource.java:402)
	at com.mysql.cj.jdbc.MysqlDataSource.getConnection(MysqlDataSource.java:125)
	at com.mysql.cj.jdbc.MysqlDataSource.getConnection(MysqlDataSource.java:110)
	at com.mysql.cj.jdbc.MysqlXADataSource.getXAConnection(MysqlXADataSource.java:52)
	at com.atomikos.jdbc.AtomikosXAConnectionFactory.createPooledConnection(AtomikosXAConnectionFactory.java:43)
	at com.atomikos.datasource.pool.ConnectionPool.createPooledConnection(ConnectionPool.java:98)
	at com.atomikos.datasource.pool.ConnectionPool.addConnectionsIfMinPoolSizeNotReached(ConnectionPool.java:86)
	at com.atomikos.datasource.pool.ConnectionPool.init(ConnectionPool.java:60)
	at com.atomikos.datasource.pool.ConnectionPool.<init>(ConnectionPool.java:49)
	at com.atomikos.datasource.pool.ConnectionPoolWithConcurrentValidation.<init>(ConnectionPoolWithConcurrentValidation.java:23)
	at com.atomikos.jdbc.AbstractDataSourceBean.init(AbstractDataSourceBean.java:294)
	at com.atomikos.jdbc.AbstractDataSourceBean.getConnection(AbstractDataSourceBean.java:343)
	at org.springframework.jdbc.datasource.DataSourceUtils.fetchConnection(DataSourceUtils.java:157)
	at org.springframework.jdbc.datasource.DataSourceUtils.doGetConnection(DataSourceUtils.java:115)
	at org.springframework.jdbc.datasource.DataSourceUtils.getConnection(DataSourceUtils.java:78)
	at org.mybatis.spring.transaction.SpringManagedTransaction.openConnection(SpringManagedTransaction.java:82)
	at org.mybatis.spring.transaction.SpringManagedTransaction.getConnection(SpringManagedTransaction.java:68)
	at org.apache.ibatis.executor.BaseExecutor.getConnection(BaseExecutor.java:338)
	at org.apache.ibatis.executor.SimpleExecutor.prepareStatement(SimpleExecutor.java:84)
	at org.apache.ibatis.executor.SimpleExecutor.doQuery(SimpleExecutor.java:62)
	at org.apache.ibatis.executor.BaseExecutor.queryFromDatabase(BaseExecutor.java:326)
	at org.apache.ibatis.executor.BaseExecutor.query(BaseExecutor.java:156)
	at org.apache.ibatis.executor.CachingExecutor.query(CachingExecutor.java:109)
	at org.apache.ibatis.executor.CachingExecutor.query(CachingExecutor.java:83)
	at org.apache.ibatis.session.defaults.DefaultSqlSession.selectList(DefaultSqlSession.java:148)
	at org.apache.ibatis.session.defaults.DefaultSqlSession.selectList(DefaultSqlSession.java:141)
	at sun.reflect.NativeMethodAccessorImpl.invoke0(Native Method)
	at sun.reflect.NativeMethodAccessorImpl.invoke(NativeMethodAccessorImpl.java:62)
	at sun.reflect.DelegatingMethodAccessorImpl.invoke(DelegatingMethodAccessorImpl.java:43)
	at java.lang.reflect.Method.invoke(Method.java:498)
	at org.mybatis.spring.SqlSessionTemplate$SqlSessionInterceptor.invoke(SqlSessionTemplate.java:433)
	at com.sun.proxy.$Proxy115.selectList(Unknown Source)
	at org.mybatis.spring.SqlSessionTemplate.selectList(SqlSessionTemplate.java:230)
	at org.apache.ibatis.binding.MapperMethod.executeForMany(MapperMethod.java:139)
	at org.apache.ibatis.binding.MapperMethod.execute(MapperMethod.java:76)
	at org.apache.ibatis.binding.MapperProxy.invoke(MapperProxy.java:59)
	at com.sun.proxy.$Proxy116.queryAllUser(Unknown Source)
	at com.example.springboottest.run.TestRun.run(TestRun.java:32)
	at org.springframework.boot.SpringApplication.callRunner(SpringApplication.java:804)
	at org.springframework.boot.SpringApplication.callRunners(SpringApplication.java:794)
	at org.springframework.boot.SpringApplication.run(SpringApplication.java:324)
	at org.springframework.boot.SpringApplication.run(SpringApplication.java:1260)
	at org.springframework.boot.SpringApplication.run(SpringApplication.java:1248)
	at com.example.springboottest.SpringboottestApplication.main(SpringboottestApplication.java:12)
Caused by: com.mysql.cj.exceptions.CJCommunicationsException: Communications link failure

The last packet sent successfully to the server was 0 milliseconds ago. The driver has not received any packets from the server.
	at sun.reflect.NativeConstructorAccessorImpl.newInstance0(Native Method)
	at sun.reflect.NativeConstructorAccessorImpl.newInstance(NativeConstructorAccessorImpl.java:62)
	at sun.reflect.DelegatingConstructorAccessorImpl.newInstance(DelegatingConstructorAccessorImpl.java:45)
	at java.lang.reflect.Constructor.newInstance(Constructor.java:423)
	at com.mysql.cj.exceptions.ExceptionFactory.createException(ExceptionFactory.java:61)
	at com.mysql.cj.exceptions.ExceptionFactory.createException(ExceptionFactory.java:105)
	at com.mysql.cj.exceptions.ExceptionFactory.createException(ExceptionFactory.java:151)
	at com.mysql.cj.exceptions.ExceptionFactory.createCommunicationsException(ExceptionFactory.java:167)
	at com.mysql.cj.protocol.a.NativeSocketConnection.connect(NativeSocketConnection.java:91)
	at com.mysql.cj.NativeSession.connect(NativeSession.java:152)
	at com.mysql.cj.jdbc.ConnectionImpl.connectOneTryOnly(ConnectionImpl.java:955)
	at com.mysql.cj.jdbc.ConnectionImpl.createNewIO(ConnectionImpl.java:825)
	... 47 common frames omitted
Caused by: java.net.ConnectException: Connection timed out: connect
	at java.net.DualStackPlainSocketImpl.connect0(Native Method)
	at java.net.DualStackPlainSocketImpl.socketConnect(DualStackPlainSocketImpl.java:79)
	at java.net.AbstractPlainSocketImpl.doConnect(AbstractPlainSocketImpl.java:350)
	at java.net.AbstractPlainSocketImpl.connectToAddress(AbstractPlainSocketImpl.java:206)
	at java.net.AbstractPlainSocketImpl.connect(AbstractPlainSocketImpl.java:188)
	at java.net.PlainSocketImpl.connect(PlainSocketImpl.java:172)
	at java.net.SocksSocketImpl.connect(SocksSocketImpl.java:392)
	at java.net.Socket.connect(Socket.java:589)
	at com.mysql.cj.protocol.StandardSocketFactory.connect(StandardSocketFactory.java:155)
	at com.mysql.cj.protocol.a.NativeSocketConnection.connect(NativeSocketConnection.java:65)
	... 50 common frames omitted
2021-01-25 11:19:24.644 [Atomikos:1] INFO  c.a.d.xa.XATransactionalResource | mysqlDataSource: refreshed XAResource
2021-01-25 11:19:39.323 [main] WARN  c.a.j.AtomikosXAConnectionFactory | XAConnectionFactory: failed to create pooled connection - DBMS down or unreachable?
com.mysql.cj.jdbc.exceptions.CommunicationsException: Communications link failure

The last packet sent successfully to the server was 0 milliseconds ago. The driver has not received any packets from the server.
	at com.mysql.cj.jdbc.exceptions.SQLError.createCommunicationsException(SQLError.java:174)
	at com.mysql.cj.jdbc.exceptions.SQLExceptionsMapping.translateException(SQLExceptionsMapping.java:64)
	at com.mysql.cj.jdbc.ConnectionImpl.createNewIO(ConnectionImpl.java:835)
	at com.mysql.cj.jdbc.ConnectionImpl.<init>(ConnectionImpl.java:455)
	at com.mysql.cj.jdbc.ConnectionImpl.getInstance(ConnectionImpl.java:240)
	at com.mysql.cj.jdbc.NonRegisteringDriver.connect(NonRegisteringDriver.java:207)
	at com.mysql.cj.jdbc.MysqlDataSource.getConnection(MysqlDataSource.java:402)
	at com.mysql.cj.jdbc.MysqlDataSource.getConnection(MysqlDataSource.java:125)
	at com.mysql.cj.jdbc.MysqlDataSource.getConnection(MysqlDataSource.java:110)
	at com.mysql.cj.jdbc.MysqlXADataSource.getXAConnection(MysqlXADataSource.java:52)
	at com.atomikos.jdbc.AtomikosXAConnectionFactory.createPooledConnection(AtomikosXAConnectionFactory.java:43)
	at com.atomikos.datasource.pool.ConnectionPool.createPooledConnection(ConnectionPool.java:98)
	at com.atomikos.datasource.pool.ConnectionPool.growPool(ConnectionPool.java:205)
	at com.atomikos.datasource.pool.ConnectionPool.retrieveFirstAvailableConnectionAndGrowPoolIfNecessary(ConnectionPool.java:155)
	at com.atomikos.datasource.pool.ConnectionPool.findOrWaitForAnAvailableConnection(ConnectionPool.java:141)
	at com.atomikos.datasource.pool.ConnectionPool.borrowConnection(ConnectionPool.java:132)
	at com.atomikos.jdbc.AbstractDataSourceBean.getConnection(AbstractDataSourceBean.java:346)
	at org.springframework.jdbc.datasource.DataSourceUtils.fetchConnection(DataSourceUtils.java:157)
	at org.springframework.jdbc.datasource.DataSourceUtils.doGetConnection(DataSourceUtils.java:115)
	at org.springframework.jdbc.datasource.DataSourceUtils.getConnection(DataSourceUtils.java:78)
	at org.mybatis.spring.transaction.SpringManagedTransaction.openConnection(SpringManagedTransaction.java:82)
	at org.mybatis.spring.transaction.SpringManagedTransaction.getConnection(SpringManagedTransaction.java:68)
	at org.apache.ibatis.executor.BaseExecutor.getConnection(BaseExecutor.java:338)
	at org.apache.ibatis.executor.SimpleExecutor.prepareStatement(SimpleExecutor.java:84)
	at org.apache.ibatis.executor.SimpleExecutor.doQuery(SimpleExecutor.java:62)
	at org.apache.ibatis.executor.BaseExecutor.queryFromDatabase(BaseExecutor.java:326)
	at org.apache.ibatis.executor.BaseExecutor.query(BaseExecutor.java:156)
	at org.apache.ibatis.executor.CachingExecutor.query(CachingExecutor.java:109)
	at org.apache.ibatis.executor.CachingExecutor.query(CachingExecutor.java:83)
	at org.apache.ibatis.session.defaults.DefaultSqlSession.selectList(DefaultSqlSession.java:148)
	at org.apache.ibatis.session.defaults.DefaultSqlSession.selectList(DefaultSqlSession.java:141)
	at sun.reflect.NativeMethodAccessorImpl.invoke0(Native Method)
	at sun.reflect.NativeMethodAccessorImpl.invoke(NativeMethodAccessorImpl.java:62)
	at sun.reflect.DelegatingMethodAccessorImpl.invoke(DelegatingMethodAccessorImpl.java:43)
	at java.lang.reflect.Method.invoke(Method.java:498)
	at org.mybatis.spring.SqlSessionTemplate$SqlSessionInterceptor.invoke(SqlSessionTemplate.java:433)
	at com.sun.proxy.$Proxy115.selectList(Unknown Source)
	at org.mybatis.spring.SqlSessionTemplate.selectList(SqlSessionTemplate.java:230)
	at org.apache.ibatis.binding.MapperMethod.executeForMany(MapperMethod.java:139)
	at org.apache.ibatis.binding.MapperMethod.execute(MapperMethod.java:76)
	at org.apache.ibatis.binding.MapperProxy.invoke(MapperProxy.java:59)
	at com.sun.proxy.$Proxy116.queryAllUser(Unknown Source)
	at com.example.springboottest.run.TestRun.run(TestRun.java:32)
	at org.springframework.boot.SpringApplication.callRunner(SpringApplication.java:804)
	at org.springframework.boot.SpringApplication.callRunners(SpringApplication.java:794)
	at org.springframework.boot.SpringApplication.run(SpringApplication.java:324)
	at org.springframework.boot.SpringApplication.run(SpringApplication.java:1260)
	at org.springframework.boot.SpringApplication.run(SpringApplication.java:1248)
	at com.example.springboottest.SpringboottestApplication.main(SpringboottestApplication.java:12)
Caused by: com.mysql.cj.exceptions.CJCommunicationsException: Communications link failure

The last packet sent successfully to the server was 0 milliseconds ago. The driver has not received any packets from the server.
	at sun.reflect.NativeConstructorAccessorImpl.newInstance0(Native Method)
	at sun.reflect.NativeConstructorAccessorImpl.newInstance(NativeConstructorAccessorImpl.java:62)
	at sun.reflect.DelegatingConstructorAccessorImpl.newInstance(DelegatingConstructorAccessorImpl.java:45)
	at java.lang.reflect.Constructor.newInstance(Constructor.java:423)
	at com.mysql.cj.exceptions.ExceptionFactory.createException(ExceptionFactory.java:61)
	at com.mysql.cj.exceptions.ExceptionFactory.createException(ExceptionFactory.java:105)
	at com.mysql.cj.exceptions.ExceptionFactory.createException(ExceptionFactory.java:151)
	at com.mysql.cj.exceptions.ExceptionFactory.createCommunicationsException(ExceptionFactory.java:167)
	at com.mysql.cj.protocol.a.NativeSocketConnection.connect(NativeSocketConnection.java:91)
	at com.mysql.cj.NativeSession.connect(NativeSession.java:152)
	at com.mysql.cj.jdbc.ConnectionImpl.connectOneTryOnly(ConnectionImpl.java:955)
	at com.mysql.cj.jdbc.ConnectionImpl.createNewIO(ConnectionImpl.java:825)
	... 46 common frames omitted
Caused by: java.net.ConnectException: Connection timed out: connect
	at java.net.DualStackPlainSocketImpl.connect0(Native Method)
	at java.net.DualStackPlainSocketImpl.socketConnect(DualStackPlainSocketImpl.java:79)
	at java.net.AbstractPlainSocketImpl.doConnect(AbstractPlainSocketImpl.java:350)
	at java.net.AbstractPlainSocketImpl.connectToAddress(AbstractPlainSocketImpl.java:206)
	at java.net.AbstractPlainSocketImpl.connect(AbstractPlainSocketImpl.java:188)
	at java.net.PlainSocketImpl.connect(PlainSocketImpl.java:172)
	at java.net.SocksSocketImpl.connect(SocksSocketImpl.java:392)
	at java.net.Socket.connect(Socket.java:589)
	at com.mysql.cj.protocol.StandardSocketFactory.connect(StandardSocketFactory.java:155)
	at com.mysql.cj.protocol.a.NativeSocketConnection.connect(NativeSocketConnection.java:65)
	... 49 common frames omitted
2021-01-25 11:19:39.328 [main] WARN  c.a.jdbc.AtomikosSQLException | Failed to grow the connection pool
com.atomikos.datasource.pool.CreateConnectionException: XAConnectionFactory: failed to create pooled connection - DBMS down or unreachable?
	at com.atomikos.jdbc.AtomikosXAConnectionFactory.createPooledConnection(AtomikosXAConnectionFactory.java:48)
	at com.atomikos.datasource.pool.ConnectionPool.createPooledConnection(ConnectionPool.java:98)
	at com.atomikos.datasource.pool.ConnectionPool.growPool(ConnectionPool.java:205)
	at com.atomikos.datasource.pool.ConnectionPool.retrieveFirstAvailableConnectionAndGrowPoolIfNecessary(ConnectionPool.java:155)
	at com.atomikos.datasource.pool.ConnectionPool.findOrWaitForAnAvailableConnection(ConnectionPool.java:141)
	at com.atomikos.datasource.pool.ConnectionPool.borrowConnection(ConnectionPool.java:132)
	at com.atomikos.jdbc.AbstractDataSourceBean.getConnection(AbstractDataSourceBean.java:346)
	at org.springframework.jdbc.datasource.DataSourceUtils.fetchConnection(DataSourceUtils.java:157)
	at org.springframework.jdbc.datasource.DataSourceUtils.doGetConnection(DataSourceUtils.java:115)
	at org.springframework.jdbc.datasource.DataSourceUtils.getConnection(DataSourceUtils.java:78)
	at org.mybatis.spring.transaction.SpringManagedTransaction.openConnection(SpringManagedTransaction.java:82)
	at org.mybatis.spring.transaction.SpringManagedTransaction.getConnection(SpringManagedTransaction.java:68)
	at org.apache.ibatis.executor.BaseExecutor.getConnection(BaseExecutor.java:338)
	at org.apache.ibatis.executor.SimpleExecutor.prepareStatement(SimpleExecutor.java:84)
	at org.apache.ibatis.executor.SimpleExecutor.doQuery(SimpleExecutor.java:62)
	at org.apache.ibatis.executor.BaseExecutor.queryFromDatabase(BaseExecutor.java:326)
	at org.apache.ibatis.executor.BaseExecutor.query(BaseExecutor.java:156)
	at org.apache.ibatis.executor.CachingExecutor.query(CachingExecutor.java:109)
	at org.apache.ibatis.executor.CachingExecutor.query(CachingExecutor.java:83)
	at org.apache.ibatis.session.defaults.DefaultSqlSession.selectList(DefaultSqlSession.java:148)
	at org.apache.ibatis.session.defaults.DefaultSqlSession.selectList(DefaultSqlSession.java:141)
	at sun.reflect.NativeMethodAccessorImpl.invoke0(Native Method)
	at sun.reflect.NativeMethodAccessorImpl.invoke(NativeMethodAccessorImpl.java:62)
	at sun.reflect.DelegatingMethodAccessorImpl.invoke(DelegatingMethodAccessorImpl.java:43)
	at java.lang.reflect.Method.invoke(Method.java:498)
	at org.mybatis.spring.SqlSessionTemplate$SqlSessionInterceptor.invoke(SqlSessionTemplate.java:433)
	at com.sun.proxy.$Proxy115.selectList(Unknown Source)
	at org.mybatis.spring.SqlSessionTemplate.selectList(SqlSessionTemplate.java:230)
	at org.apache.ibatis.binding.MapperMethod.executeForMany(MapperMethod.java:139)
	at org.apache.ibatis.binding.MapperMethod.execute(MapperMethod.java:76)
	at org.apache.ibatis.binding.MapperProxy.invoke(MapperProxy.java:59)
	at com.sun.proxy.$Proxy116.queryAllUser(Unknown Source)
	at com.example.springboottest.run.TestRun.run(TestRun.java:32)
	at org.springframework.boot.SpringApplication.callRunner(SpringApplication.java:804)
	at org.springframework.boot.SpringApplication.callRunners(SpringApplication.java:794)
	at org.springframework.boot.SpringApplication.run(SpringApplication.java:324)
	at org.springframework.boot.SpringApplication.run(SpringApplication.java:1260)
	at org.springframework.boot.SpringApplication.run(SpringApplication.java:1248)
	at com.example.springboottest.SpringboottestApplication.main(SpringboottestApplication.java:12)
Caused by: com.mysql.cj.jdbc.exceptions.CommunicationsException: Communications link failure

The last packet sent successfully to the server was 0 milliseconds ago. The driver has not received any packets from the server.
	at com.mysql.cj.jdbc.exceptions.SQLError.createCommunicationsException(SQLError.java:174)
	at com.mysql.cj.jdbc.exceptions.SQLExceptionsMapping.translateException(SQLExceptionsMapping.java:64)
	at com.mysql.cj.jdbc.ConnectionImpl.createNewIO(ConnectionImpl.java:835)
	at com.mysql.cj.jdbc.ConnectionImpl.<init>(ConnectionImpl.java:455)
	at com.mysql.cj.jdbc.ConnectionImpl.getInstance(ConnectionImpl.java:240)
	at com.mysql.cj.jdbc.NonRegisteringDriver.connect(NonRegisteringDriver.java:207)
	at com.mysql.cj.jdbc.MysqlDataSource.getConnection(MysqlDataSource.java:402)
	at com.mysql.cj.jdbc.MysqlDataSource.getConnection(MysqlDataSource.java:125)
	at com.mysql.cj.jdbc.MysqlDataSource.getConnection(MysqlDataSource.java:110)
	at com.mysql.cj.jdbc.MysqlXADataSource.getXAConnection(MysqlXADataSource.java:52)
	at com.atomikos.jdbc.AtomikosXAConnectionFactory.createPooledConnection(AtomikosXAConnectionFactory.java:43)
	... 38 common frames omitted
Caused by: com.mysql.cj.exceptions.CJCommunicationsException: Communications link failure

The last packet sent successfully to the server was 0 milliseconds ago. The driver has not received any packets from the server.
	at sun.reflect.NativeConstructorAccessorImpl.newInstance0(Native Method)
	at sun.reflect.NativeConstructorAccessorImpl.newInstance(NativeConstructorAccessorImpl.java:62)
	at sun.reflect.DelegatingConstructorAccessorImpl.newInstance(DelegatingConstructorAccessorImpl.java:45)
	at java.lang.reflect.Constructor.newInstance(Constructor.java:423)
	at com.mysql.cj.exceptions.ExceptionFactory.createException(ExceptionFactory.java:61)
	at com.mysql.cj.exceptions.ExceptionFactory.createException(ExceptionFactory.java:105)
	at com.mysql.cj.exceptions.ExceptionFactory.createException(ExceptionFactory.java:151)
	at com.mysql.cj.exceptions.ExceptionFactory.createCommunicationsException(ExceptionFactory.java:167)
	at com.mysql.cj.protocol.a.NativeSocketConnection.connect(NativeSocketConnection.java:91)
	at com.mysql.cj.NativeSession.connect(NativeSession.java:152)
	at com.mysql.cj.jdbc.ConnectionImpl.connectOneTryOnly(ConnectionImpl.java:955)
	at com.mysql.cj.jdbc.ConnectionImpl.createNewIO(ConnectionImpl.java:825)
	... 46 common frames omitted
Caused by: java.net.ConnectException: Connection timed out: connect
	at java.net.DualStackPlainSocketImpl.connect0(Native Method)
	at java.net.DualStackPlainSocketImpl.socketConnect(DualStackPlainSocketImpl.java:79)
	at java.net.AbstractPlainSocketImpl.doConnect(AbstractPlainSocketImpl.java:350)
	at java.net.AbstractPlainSocketImpl.connectToAddress(AbstractPlainSocketImpl.java:206)
	at java.net.AbstractPlainSocketImpl.connect(AbstractPlainSocketImpl.java:188)
	at java.net.PlainSocketImpl.connect(PlainSocketImpl.java:172)
	at java.net.SocksSocketImpl.connect(SocksSocketImpl.java:392)
	at java.net.Socket.connect(Socket.java:589)
	at com.mysql.cj.protocol.StandardSocketFactory.connect(StandardSocketFactory.java:155)
	at com.mysql.cj.protocol.a.NativeSocketConnection.connect(NativeSocketConnection.java:65)
	... 49 common frames omitted
2021-01-25 11:19:39.350 [main] INFO  o.s.b.a.l.ConditionEvaluationReportLoggingListener | 

Error starting ApplicationContext. To display the conditions report re-run your application with 'debug' enabled.
2021-01-25 11:19:39.361 [main] ERROR o.s.boot.SpringApplication | Application run failed
java.lang.IllegalStateException: Failed to execute ApplicationRunner
	at org.springframework.boot.SpringApplication.callRunner(SpringApplication.java:807)
	at org.springframework.boot.SpringApplication.callRunners(SpringApplication.java:794)
	at org.springframework.boot.SpringApplication.run(SpringApplication.java:324)
	at org.springframework.boot.SpringApplication.run(SpringApplication.java:1260)
	at org.springframework.boot.SpringApplication.run(SpringApplication.java:1248)
	at com.example.springboottest.SpringboottestApplication.main(SpringboottestApplication.java:12)
Caused by: org.mybatis.spring.MyBatisSystemException: nested exception is org.apache.ibatis.exceptions.PersistenceException: 
### Error querying database.  Cause: org.springframework.jdbc.CannotGetJdbcConnectionException: Failed to obtain JDBC Connection; nested exception is com.atomikos.jdbc.AtomikosSQLException: Failed to grow the connection pool
### The error may exist in file [C:\Users\wulei\IdeaProjects\springBootTest\target\classes\mapper\mysql\testSql.xml]
### The error may involve com.example.springboottest.mysql.TestDao.queryAllUser
### The error occurred while executing a query
### Cause: org.springframework.jdbc.CannotGetJdbcConnectionException: Failed to obtain JDBC Connection; nested exception is com.atomikos.jdbc.AtomikosSQLException: Failed to grow the connection pool
	at org.mybatis.spring.MyBatisExceptionTranslator.translateExceptionIfPossible(MyBatisExceptionTranslator.java:77)
	at org.mybatis.spring.SqlSessionTemplate$SqlSessionInterceptor.invoke(SqlSessionTemplate.java:446)
	at com.sun.proxy.$Proxy115.selectList(Unknown Source)
	at org.mybatis.spring.SqlSessionTemplate.selectList(SqlSessionTemplate.java:230)
	at org.apache.ibatis.binding.MapperMethod.executeForMany(MapperMethod.java:139)
	at org.apache.ibatis.binding.MapperMethod.execute(MapperMethod.java:76)
	at org.apache.ibatis.binding.MapperProxy.invoke(MapperProxy.java:59)
	at com.sun.proxy.$Proxy116.queryAllUser(Unknown Source)
	at com.example.springboottest.run.TestRun.run(TestRun.java:32)
	at org.springframework.boot.SpringApplication.callRunner(SpringApplication.java:804)
	... 5 common frames omitted
Caused by: org.apache.ibatis.exceptions.PersistenceException: 
### Error querying database.  Cause: org.springframework.jdbc.CannotGetJdbcConnectionException: Failed to obtain JDBC Connection; nested exception is com.atomikos.jdbc.AtomikosSQLException: Failed to grow the connection pool
### The error may exist in file [C:\Users\wulei\IdeaProjects\springBootTest\target\classes\mapper\mysql\testSql.xml]
### The error may involve com.example.springboottest.mysql.TestDao.queryAllUser
### The error occurred while executing a query
### Cause: org.springframework.jdbc.CannotGetJdbcConnectionException: Failed to obtain JDBC Connection; nested exception is com.atomikos.jdbc.AtomikosSQLException: Failed to grow the connection pool
	at org.apache.ibatis.exceptions.ExceptionFactory.wrapException(ExceptionFactory.java:30)
	at org.apache.ibatis.session.defaults.DefaultSqlSession.selectList(DefaultSqlSession.java:150)
	at org.apache.ibatis.session.defaults.DefaultSqlSession.selectList(DefaultSqlSession.java:141)
	at sun.reflect.NativeMethodAccessorImpl.invoke0(Native Method)
	at sun.reflect.NativeMethodAccessorImpl.invoke(NativeMethodAccessorImpl.java:62)
	at sun.reflect.DelegatingMethodAccessorImpl.invoke(DelegatingMethodAccessorImpl.java:43)
	at java.lang.reflect.Method.invoke(Method.java:498)
	at org.mybatis.spring.SqlSessionTemplate$SqlSessionInterceptor.invoke(SqlSessionTemplate.java:433)
	... 13 common frames omitted
Caused by: org.springframework.jdbc.CannotGetJdbcConnectionException: Failed to obtain JDBC Connection; nested exception is com.atomikos.jdbc.AtomikosSQLException: Failed to grow the connection pool
	at org.springframework.jdbc.datasource.DataSourceUtils.getConnection(DataSourceUtils.java:81)
	at org.mybatis.spring.transaction.SpringManagedTransaction.openConnection(SpringManagedTransaction.java:82)
	at org.mybatis.spring.transaction.SpringManagedTransaction.getConnection(SpringManagedTransaction.java:68)
	at org.apache.ibatis.executor.BaseExecutor.getConnection(BaseExecutor.java:338)
	at org.apache.ibatis.executor.SimpleExecutor.prepareStatement(SimpleExecutor.java:84)
	at org.apache.ibatis.executor.SimpleExecutor.doQuery(SimpleExecutor.java:62)
	at org.apache.ibatis.executor.BaseExecutor.queryFromDatabase(BaseExecutor.java:326)
	at org.apache.ibatis.executor.BaseExecutor.query(BaseExecutor.java:156)
	at org.apache.ibatis.executor.CachingExecutor.query(CachingExecutor.java:109)
	at org.apache.ibatis.executor.CachingExecutor.query(CachingExecutor.java:83)
	at org.apache.ibatis.session.defaults.DefaultSqlSession.selectList(DefaultSqlSession.java:148)
	... 19 common frames omitted
Caused by: com.atomikos.jdbc.AtomikosSQLException: Failed to grow the connection pool
	at com.atomikos.jdbc.AtomikosSQLException.throwAtomikosSQLException(AtomikosSQLException.java:29)
	at com.atomikos.jdbc.AbstractDataSourceBean.throwAtomikosSQLException(AbstractDataSourceBean.java:76)
	at com.atomikos.jdbc.AbstractDataSourceBean.getConnection(AbstractDataSourceBean.java:349)
	at org.springframework.jdbc.datasource.DataSourceUtils.fetchConnection(DataSourceUtils.java:157)
	at org.springframework.jdbc.datasource.DataSourceUtils.doGetConnection(DataSourceUtils.java:115)
	at org.springframework.jdbc.datasource.DataSourceUtils.getConnection(DataSourceUtils.java:78)
	... 29 common frames omitted
Caused by: com.atomikos.datasource.pool.CreateConnectionException: XAConnectionFactory: failed to create pooled connection - DBMS down or unreachable?
	at com.atomikos.jdbc.AtomikosXAConnectionFactory.createPooledConnection(AtomikosXAConnectionFactory.java:48)
	at com.atomikos.datasource.pool.ConnectionPool.createPooledConnection(ConnectionPool.java:98)
	at com.atomikos.datasource.pool.ConnectionPool.growPool(ConnectionPool.java:205)
	at com.atomikos.datasource.pool.ConnectionPool.retrieveFirstAvailableConnectionAndGrowPoolIfNecessary(ConnectionPool.java:155)
	at com.atomikos.datasource.pool.ConnectionPool.findOrWaitForAnAvailableConnection(ConnectionPool.java:141)
	at com.atomikos.datasource.pool.ConnectionPool.borrowConnection(ConnectionPool.java:132)
	at com.atomikos.jdbc.AbstractDataSourceBean.getConnection(AbstractDataSourceBean.java:346)
	... 32 common frames omitted
Caused by: com.mysql.cj.jdbc.exceptions.CommunicationsException: Communications link failure

The last packet sent successfully to the server was 0 milliseconds ago. The driver has not received any packets from the server.
	at com.mysql.cj.jdbc.exceptions.SQLError.createCommunicationsException(SQLError.java:174)
	at com.mysql.cj.jdbc.exceptions.SQLExceptionsMapping.translateException(SQLExceptionsMapping.java:64)
	at com.mysql.cj.jdbc.ConnectionImpl.createNewIO(ConnectionImpl.java:835)
	at com.mysql.cj.jdbc.ConnectionImpl.<init>(ConnectionImpl.java:455)
	at com.mysql.cj.jdbc.ConnectionImpl.getInstance(ConnectionImpl.java:240)
	at com.mysql.cj.jdbc.NonRegisteringDriver.connect(NonRegisteringDriver.java:207)
	at com.mysql.cj.jdbc.MysqlDataSource.getConnection(MysqlDataSource.java:402)
	at com.mysql.cj.jdbc.MysqlDataSource.getConnection(MysqlDataSource.java:125)
	at com.mysql.cj.jdbc.MysqlDataSource.getConnection(MysqlDataSource.java:110)
	at com.mysql.cj.jdbc.MysqlXADataSource.getXAConnection(MysqlXADataSource.java:52)
	at com.atomikos.jdbc.AtomikosXAConnectionFactory.createPooledConnection(AtomikosXAConnectionFactory.java:43)
	... 38 common frames omitted
Caused by: com.mysql.cj.exceptions.CJCommunicationsException: Communications link failure

The last packet sent successfully to the server was 0 milliseconds ago. The driver has not received any packets from the server.
	at sun.reflect.NativeConstructorAccessorImpl.newInstance0(Native Method)
	at sun.reflect.NativeConstructorAccessorImpl.newInstance(NativeConstructorAccessorImpl.java:62)
	at sun.reflect.DelegatingConstructorAccessorImpl.newInstance(DelegatingConstructorAccessorImpl.java:45)
	at java.lang.reflect.Constructor.newInstance(Constructor.java:423)
	at com.mysql.cj.exceptions.ExceptionFactory.createException(ExceptionFactory.java:61)
	at com.mysql.cj.exceptions.ExceptionFactory.createException(ExceptionFactory.java:105)
	at com.mysql.cj.exceptions.ExceptionFactory.createException(ExceptionFactory.java:151)
	at com.mysql.cj.exceptions.ExceptionFactory.createCommunicationsException(ExceptionFactory.java:167)
	at com.mysql.cj.protocol.a.NativeSocketConnection.connect(NativeSocketConnection.java:91)
	at com.mysql.cj.NativeSession.connect(NativeSession.java:152)
	at com.mysql.cj.jdbc.ConnectionImpl.connectOneTryOnly(ConnectionImpl.java:955)
	at com.mysql.cj.jdbc.ConnectionImpl.createNewIO(ConnectionImpl.java:825)
	... 46 common frames omitted
Caused by: java.net.ConnectException: Connection timed out: connect
	at java.net.DualStackPlainSocketImpl.connect0(Native Method)
	at java.net.DualStackPlainSocketImpl.socketConnect(DualStackPlainSocketImpl.java:79)
	at java.net.AbstractPlainSocketImpl.doConnect(AbstractPlainSocketImpl.java:350)
	at java.net.AbstractPlainSocketImpl.connectToAddress(AbstractPlainSocketImpl.java:206)
	at java.net.AbstractPlainSocketImpl.connect(AbstractPlainSocketImpl.java:188)
	at java.net.PlainSocketImpl.connect(PlainSocketImpl.java:172)
	at java.net.SocksSocketImpl.connect(SocksSocketImpl.java:392)
	at java.net.Socket.connect(Socket.java:589)
	at com.mysql.cj.protocol.StandardSocketFactory.connect(StandardSocketFactory.java:155)
	at com.mysql.cj.protocol.a.NativeSocketConnection.connect(NativeSocketConnection.java:65)
	... 49 common frames omitted
2021-01-25 11:19:39.367 [main] INFO  o.s.s.c.ThreadPoolTaskScheduler | Shutting down ExecutorService 'taskScheduler'
2021-01-25 11:19:39.371 [main] INFO  c.a.i.imp.TransactionServiceImp | Transaction Service: Entering shutdown (false, 9223372036854775807)...
2021-01-25 11:19:39.382 [main] INFO  o.s.s.c.ThreadPoolTaskScheduler | Shutting down ExecutorService
2021-01-25 11:19:39.382 [main] INFO  o.s.s.c.ThreadPoolTaskExecutor | Shutting down ExecutorService 'getAsyncExecutor'
2021-01-25 11:19:39.388 [main] INFO  c.a.datasource.pool.ConnectionPool | atomikos connection pool 'mysqlDataSource': destroying pool...
2021-01-25 11:19:39.389 [main] INFO  o.s.s.c.ThreadPoolTaskExecutor | Shutting down ExecutorService
